0 0 8
(0, 0)
(1, 0)
(2, 0)
(3, 0)
(0, 0)
(0, 1)
(0, 2)
(0, 3)
(0, 0)
(1, 1)
(2, 2)
(3, 3)
(0, 0)
None
0 1 2
(0, 1)
(1, 1)
(2, 1)
(3, 1)
(0, 1)
(0, 2)
(0, 3)
(0, 4)
(0, 1)
(1, 2)
(2, 3)
(3, 4)
(0, 1)
(1, 0)
None
0 2 22
(0, 2)
(1, 2)
(2, 2)
(3, 2)
(0, 2)
(0, 3)
(0, 4)
(0, 5)
(0, 2)
(1, 3)
(2, 4)
(3, 5)
(0, 2)
(1, 1)
(2, 0)
None
0 3 97
(0, 3)
(1, 3)
(2, 3)
(3, 3)
(0, 3)
(0, 4)
(0, 5)
(0, 6)
(0, 3)
(1, 4)
(2, 5)
(3, 6)
(0, 3)
(1, 2)
(2, 1)
(3, 0)
0 4 38
(0, 4)
(1, 4)
(2, 4)
(3, 4)
(0, 4)
(0, 5)
(0, 6)
(0, 7)
(0, 4)
(1, 5)
(2, 6)
(3, 7)
(0, 4)
(1, 3)
(2, 2)
(3, 1)
0 5 15
(0, 5)
(1, 5)
(2, 5)
(3, 5)
(0, 5)
(0, 6)
(0, 7)
(0, 8)
(0, 5)
(1, 6)
(2, 7)
(3, 8)
(0, 5)
(1, 4)
(2, 3)
(3, 2)
0 6 0
(0, 6)
(1, 6)
(2, 6)
(3, 6)
(0, 6)
(0, 7)
(0, 8)
(0, 9)
(0, 6)
(1, 7)
(2, 8)
(3, 9)
(0, 6)
(1, 5)
(2, 4)
(3, 3)
0 7 40
(0, 7)
(1, 7)
(2, 7)
(3, 7)
(0, 7)
(0, 8)
(0, 9)
(0, 10)
(0, 7)
(1, 8)
(2, 9)
(3, 10)
(0, 7)
(1, 6)
(2, 5)
(3, 4)
0 8 0
(0, 8)
(1, 8)
(2, 8)
(3, 8)
(0, 8)
(0, 9)
(0, 10)
(0, 11)
(0, 8)
(1, 9)
(2, 10)
(3, 11)
(0, 8)
(1, 7)
(2, 6)
(3, 5)
0 9 75
(0, 9)
(1, 9)
(2, 9)
(3, 9)
(0, 9)
(0, 10)
(0, 11)
(0, 12)
(0, 9)
(1, 10)
(2, 11)
(3, 12)
(0, 9)
(1, 8)
(2, 7)
(3, 6)
0 10 4
(0, 10)
(1, 10)
(2, 10)
(3, 10)
(0, 10)
(0, 11)
(0, 12)
(0, 13)
(0, 10)
(1, 11)
(2, 12)
(3, 13)
(0, 10)
(1, 9)
(2, 8)
(3, 7)
0 11 5
(0, 11)
(1, 11)
(2, 11)
(3, 11)
(0, 11)
(0, 12)
(0, 13)
(0, 14)
(0, 11)
(1, 12)
(2, 13)
(3, 14)
(0, 11)
(1, 10)
(2, 9)
(3, 8)
0 12 7
(0, 12)
(1, 12)
(2, 12)
(3, 12)
(0, 12)
(0, 13)
(0, 14)
(0, 15)
(0, 12)
(1, 13)
(2, 14)
(3, 15)
(0, 12)
(1, 11)
(2, 10)
(3, 9)
0 13 78
(0, 13)
(1, 13)
(2, 13)
(3, 13)
(0, 13)
(0, 14)
(0, 15)
(0, 16)
(0, 13)
(1, 14)
(2, 15)
(3, 16)
(0, 13)
(1, 12)
(2, 11)
(3, 10)
0 14 52
(0, 14)
(1, 14)
(2, 14)
(3, 14)
(0, 14)
(0, 15)
(0, 16)
(0, 17)
(0, 14)
(1, 15)
(2, 16)
(3, 17)
(0, 14)
(1, 13)
(2, 12)
(3, 11)
0 15 12
(0, 15)
(1, 15)
(2, 15)
(3, 15)
(0, 15)
(0, 16)
(0, 17)
(0, 18)
(0, 15)
(1, 16)
(2, 17)
(3, 18)
(0, 15)
(1, 14)
(2, 13)
(3, 12)
0 16 50
(0, 16)
(1, 16)
(2, 16)
(3, 16)
(0, 16)
(0, 17)
(0, 18)
(0, 19)
(0, 16)
(1, 17)
(2, 18)
(3, 19)
(0, 16)
(1, 15)
(2, 14)
(3, 13)
0 17 77
(0, 17)
(1, 17)
(2, 17)
(3, 17)
(0, 17)
(0, 18)
(0, 19)
None
(0, 17)
(1, 18)
(2, 19)
None
(0, 17)
(1, 16)
(2, 15)
(3, 14)
0 18 91
(0, 18)
(1, 18)
(2, 18)
(3, 18)
(0, 18)
(0, 19)
None
(0, 18)
(1, 19)
None
(0, 18)
(1, 17)
(2, 16)
(3, 15)
0 19 8
(0, 19)
(1, 19)
(2, 19)
(3, 19)
(0, 19)
None
(0, 19)
None
(0, 19)
(1, 18)
(2, 17)
(3, 16)
1 0 49
(1, 0)
(2, 0)
(3, 0)
(4, 0)
(1, 0)
(1, 1)
(1, 2)
(1, 3)
(1, 0)
(2, 1)
(3, 2)
(4, 3)
(1, 0)
None
1 1 49
(1, 1)
(2, 1)
(3, 1)
(4, 1)
(1, 1)
(1, 2)
(1, 3)
(1, 4)
(1, 1)
(2, 2)
(3, 3)
(4, 4)
(1, 1)
(2, 0)
None
1 2 99
(1, 2)
(2, 2)
(3, 2)
(4, 2)
(1, 2)
(1, 3)
(1, 4)
(1, 5)
(1, 2)
(2, 3)
(3, 4)
(4, 5)
(1, 2)
(2, 1)
(3, 0)
None
1 3 40
(1, 3)
(2, 3)
(3, 3)
(4, 3)
(1, 3)
(1, 4)
(1, 5)
(1, 6)
(1, 3)
(2, 4)
(3, 5)
(4, 6)
(1, 3)
(2, 2)
(3, 1)
(4, 0)
1 4 17
(1, 4)
(2, 4)
(3, 4)
(4, 4)
(1, 4)
(1, 5)
(1, 6)
(1, 7)
(1, 4)
(2, 5)
(3, 6)
(4, 7)
(1, 4)
(2, 3)
(3, 2)
(4, 1)
1 5 81
(1, 5)
(2, 5)
(3, 5)
(4, 5)
(1, 5)
(1, 6)
(1, 7)
(1, 8)
(1, 5)
(2, 6)
(3, 7)
(4, 8)
(1, 5)
(2, 4)
(3, 3)
(4, 2)
1 6 18
(1, 6)
(2, 6)
(3, 6)
(4, 6)
(1, 6)
(1, 7)
(1, 8)
(1, 9)
(1, 6)
(2, 7)
(3, 8)
(4, 9)
(1, 6)
(2, 5)
(3, 4)
(4, 3)
1 7 57
(1, 7)
(2, 7)
(3, 7)
(4, 7)
(1, 7)
(1, 8)
(1, 9)
(1, 10)
(1, 7)
(2, 8)
(3, 9)
(4, 10)
(1, 7)
(2, 6)
(3, 5)
(4, 4)
1 8 60
(1, 8)
(2, 8)
(3, 8)
(4, 8)
(1, 8)
(1, 9)
(1, 10)
(1, 11)
(1, 8)
(2, 9)
(3, 10)
(4, 11)
(1, 8)
(2, 7)
(3, 6)
(4, 5)
1 9 87
(1, 9)
(2, 9)
(3, 9)
(4, 9)
(1, 9)
(1, 10)
(1, 11)
(1, 12)
(1, 9)
(2, 10)
(3, 11)
(4, 12)
(1, 9)
(2, 8)
(3, 7)
(4, 6)
1 10 17
(1, 10)
(2, 10)
(3, 10)
(4, 10)
(1, 10)
(1, 11)
(1, 12)
(1, 13)
(1, 10)
(2, 11)
(3, 12)
(4, 13)
(1, 10)
(2, 9)
(3, 8)
(4, 7)
1 11 40
(1, 11)
(2, 11)
(3, 11)
(4, 11)
(1, 11)
(1, 12)
(1, 13)
(1, 14)
(1, 11)
(2, 12)
(3, 13)
(4, 14)
(1, 11)
(2, 10)
(3, 9)
(4, 8)
1 12 98
(1, 12)
(2, 12)
(3, 12)
(4, 12)
(1, 12)
(1, 13)
(1, 14)
(1, 15)
(1, 12)
(2, 13)
(3, 14)
(4, 15)
(1, 12)
(2, 11)
(3, 10)
(4, 9)
1 13 43
(1, 13)
(2, 13)
(3, 13)
(4, 13)
(1, 13)
(1, 14)
(1, 15)
(1, 16)
(1, 13)
(2, 14)
(3, 15)
(4, 16)
(1, 13)
(2, 12)
(3, 11)
(4, 10)
1 14 69
(1, 14)
(2, 14)
(3, 14)
(4, 14)
(1, 14)
(1, 15)
(1, 16)
(1, 17)
(1, 14)
(2, 15)
(3, 16)
(4, 17)
(1, 14)
(2, 13)
(3, 12)
(4, 11)
1 15 48
(1, 15)
(2, 15)
(3, 15)
(4, 15)
(1, 15)
(1, 16)
(1, 17)
(1, 18)
(1, 15)
(2, 16)
(3, 17)
(4, 18)
(1, 15)
(2, 14)
(3, 13)
(4, 12)
1 16 4
(1, 16)
(2, 16)
(3, 16)
(4, 16)
(1, 16)
(1, 17)
(1, 18)
(1, 19)
(1, 16)
(2, 17)
(3, 18)
(4, 19)
(1, 16)
(2, 15)
(3, 14)
(4, 13)
1 17 56
(1, 17)
(2, 17)
(3, 17)
(4, 17)
(1, 17)
(1, 18)
(1, 19)
None
(1, 17)
(2, 18)
(3, 19)
None
(1, 17)
(2, 16)
(3, 15)
(4, 14)
1 18 62
(1, 18)
(2, 18)
(3, 18)
(4, 18)
(1, 18)
(1, 19)
None
(1, 18)
(2, 19)
None
(1, 18)
(2, 17)
(3, 16)
(4, 15)
1 19 0
(1, 19)
(2, 19)
(3, 19)
(4, 19)
(1, 19)
None
(1, 19)
None
(1, 19)
(2, 18)
(3, 17)
(4, 16)
2 0 81
(2, 0)
(3, 0)
(4, 0)
(5, 0)
(2, 0)
(2, 1)
(2, 2)
(2, 3)
(2, 0)
(3, 1)
(4, 2)
(5, 3)
(2, 0)
None
2 1 49
(2, 1)
(3, 1)
(4, 1)
(5, 1)
(2, 1)
(2, 2)
(2, 3)
(2, 4)
(2, 1)
(3, 2)
(4, 3)
(5, 4)
(2, 1)
(3, 0)
None
2 2 31
(2, 2)
(3, 2)
(4, 2)
(5, 2)
(2, 2)
(2, 3)
(2, 4)
(2, 5)
(2, 2)
(3, 3)
(4, 4)
(5, 5)
(2, 2)
(3, 1)
(4, 0)
None
2 3 73
(2, 3)
(3, 3)
(4, 3)
(5, 3)
(2, 3)
(2, 4)
(2, 5)
(2, 6)
(2, 3)
(3, 4)
(4, 5)
(5, 6)
(2, 3)
(3, 2)
(4, 1)
(5, 0)
2 4 55
(2, 4)
(3, 4)
(4, 4)
(5, 4)
(2, 4)
(2, 5)
(2, 6)
(2, 7)
(2, 4)
(3, 5)
(4, 6)
(5, 7)
(2, 4)
(3, 3)
(4, 2)
(5, 1)
2 5 79
(2, 5)
(3, 5)
(4, 5)
(5, 5)
(2, 5)
(2, 6)
(2, 7)
(2, 8)
(2, 5)
(3, 6)
(4, 7)
(5, 8)
(2, 5)
(3, 4)
(4, 3)
(5, 2)
2 6 14
(2, 6)
(3, 6)
(4, 6)
(5, 6)
(2, 6)
(2, 7)
(2, 8)
(2, 9)
(2, 6)
(3, 7)
(4, 8)
(5, 9)
(2, 6)
(3, 5)
(4, 4)
(5, 3)
2 7 29
(2, 7)
(3, 7)
(4, 7)
(5, 7)
(2, 7)
(2, 8)
(2, 9)
(2, 10)
(2, 7)
(3, 8)
(4, 9)
(5, 10)
(2, 7)
(3, 6)
(4, 5)
(5, 4)
2 8 93
(2, 8)
(3, 8)
(4, 8)
(5, 8)
(2, 8)
(2, 9)
(2, 10)
(2, 11)
(2, 8)
(3, 9)
(4, 10)
(5, 11)
(2, 8)
(3, 7)
(4, 6)
(5, 5)
2 9 71
(2, 9)
(3, 9)
(4, 9)
(5, 9)
(2, 9)
(2, 10)
(2, 11)
(2, 12)
(2, 9)
(3, 10)
(4, 11)
(5, 12)
(2, 9)
(3, 8)
(4, 7)
(5, 6)
2 10 40
(2, 10)
(3, 10)
(4, 10)
(5, 10)
(2, 10)
(2, 11)
(2, 12)
(2, 13)
(2, 10)
(3, 11)
(4, 12)
(5, 13)
(2, 10)
(3, 9)
(4, 8)
(5, 7)
2 11 67
(2, 11)
(3, 11)
(4, 11)
(5, 11)
(2, 11)
(2, 12)
(2, 13)
(2, 14)
(2, 11)
(3, 12)
(4, 13)
(5, 14)
(2, 11)
(3, 10)
(4, 9)
(5, 8)
2 12 53
(2, 12)
(3, 12)
(4, 12)
(5, 12)
(2, 12)
(2, 13)
(2, 14)
(2, 15)
(2, 12)
(3, 13)
(4, 14)
(5, 15)
(2, 12)
(3, 11)
(4, 10)
(5, 9)
2 13 88
(2, 13)
(3, 13)
(4, 13)
(5, 13)
(2, 13)
(2, 14)
(2, 15)
(2, 16)
(2, 13)
(3, 14)
(4, 15)
(5, 16)
(2, 13)
(3, 12)
(4, 11)
(5, 10)
2 14 30
(2, 14)
(3, 14)
(4, 14)
(5, 14)
(2, 14)
(2, 15)
(2, 16)
(2, 17)
(2, 14)
(3, 15)
(4, 16)
(5, 17)
(2, 14)
(3, 13)
(4, 12)
(5, 11)
2 15 3
(2, 15)
(3, 15)
(4, 15)
(5, 15)
(2, 15)
(2, 16)
(2, 17)
(2, 18)
(2, 15)
(3, 16)
(4, 17)
(5, 18)
(2, 15)
(3, 14)
(4, 13)
(5, 12)
2 16 49
(2, 16)
(3, 16)
(4, 16)
(5, 16)
(2, 16)
(2, 17)
(2, 18)
(2, 19)
(2, 16)
(3, 17)
(4, 18)
(5, 19)
(2, 16)
(3, 15)
(4, 14)
(5, 13)
2 17 13
(2, 17)
(3, 17)
(4, 17)
(5, 17)
(2, 17)
(2, 18)
(2, 19)
None
(2, 17)
(3, 18)
(4, 19)
None
(2, 17)
(3, 16)
(4, 15)
(5, 14)
2 18 36
(2, 18)
(3, 18)
(4, 18)
(5, 18)
(2, 18)
(2, 19)
None
(2, 18)
(3, 19)
None
(2, 18)
(3, 17)
(4, 16)
(5, 15)
2 19 65
(2, 19)
(3, 19)
(4, 19)
(5, 19)
(2, 19)
None
(2, 19)
None
(2, 19)
(3, 18)
(4, 17)
(5, 16)
3 0 52
(3, 0)
(4, 0)
(5, 0)
(6, 0)
(3, 0)
(3, 1)
(3, 2)
(3, 3)
(3, 0)
(4, 1)
(5, 2)
(6, 3)
(3, 0)
None
3 1 70
(3, 1)
(4, 1)
(5, 1)
(6, 1)
(3, 1)
(3, 2)
(3, 3)
(3, 4)
(3, 1)
(4, 2)
(5, 3)
(6, 4)
(3, 1)
(4, 0)
None
3 2 95
(3, 2)
(4, 2)
(5, 2)
(6, 2)
(3, 2)
(3, 3)
(3, 4)
(3, 5)
(3, 2)
(4, 3)
(5, 4)
(6, 5)
(3, 2)
(4, 1)
(5, 0)
None
3 3 23
(3, 3)
(4, 3)
(5, 3)
(6, 3)
(3, 3)
(3, 4)
(3, 5)
(3, 6)
(3, 3)
(4, 4)
(5, 5)
(6, 6)
(3, 3)
(4, 2)
(5, 1)
(6, 0)
3 4 4
(3, 4)
(4, 4)
(5, 4)
(6, 4)
(3, 4)
(3, 5)
(3, 6)
(3, 7)
(3, 4)
(4, 5)
(5, 6)
(6, 7)
(3, 4)
(4, 3)
(5, 2)
(6, 1)
3 5 60
(3, 5)
(4, 5)
(5, 5)
(6, 5)
(3, 5)
(3, 6)
(3, 7)
(3, 8)
(3, 5)
(4, 6)
(5, 7)
(6, 8)
(3, 5)
(4, 4)
(5, 3)
(6, 2)
3 6 11
(3, 6)
(4, 6)
(5, 6)
(6, 6)
(3, 6)
(3, 7)
(3, 8)
(3, 9)
(3, 6)
(4, 7)
(5, 8)
(6, 9)
(3, 6)
(4, 5)
(5, 4)
(6, 3)
3 7 42
(3, 7)
(4, 7)
(5, 7)
(6, 7)
(3, 7)
(3, 8)
(3, 9)
(3, 10)
(3, 7)
(4, 8)
(5, 9)
(6, 10)
(3, 7)
(4, 6)
(5, 5)
(6, 4)
3 8 69
(3, 8)
(4, 8)
(5, 8)
(6, 8)
(3, 8)
(3, 9)
(3, 10)
(3, 11)
(3, 8)
(4, 9)
(5, 10)
(6, 11)
(3, 8)
(4, 7)
(5, 6)
(6, 5)
3 9 24
(3, 9)
(4, 9)
(5, 9)
(6, 9)
(3, 9)
(3, 10)
(3, 11)
(3, 12)
(3, 9)
(4, 10)
(5, 11)
(6, 12)
(3, 9)
(4, 8)
(5, 7)
(6, 6)
3 10 68
(3, 10)
(4, 10)
(5, 10)
(6, 10)
(3, 10)
(3, 11)
(3, 12)
(3, 13)
(3, 10)
(4, 11)
(5, 12)
(6, 13)
(3, 10)
(4, 9)
(5, 8)
(6, 7)
3 11 56
(3, 11)
(4, 11)
(5, 11)
(6, 11)
(3, 11)
(3, 12)
(3, 13)
(3, 14)
(3, 11)
(4, 12)
(5, 13)
(6, 14)
(3, 11)
(4, 10)
(5, 9)
(6, 8)
3 12 1
(3, 12)
(4, 12)
(5, 12)
(6, 12)
(3, 12)
(3, 13)
(3, 14)
(3, 15)
(3, 12)
(4, 13)
(5, 14)
(6, 15)
(3, 12)
(4, 11)
(5, 10)
(6, 9)
3 13 32
(3, 13)
(4, 13)
(5, 13)
(6, 13)
(3, 13)
(3, 14)
(3, 15)
(3, 16)
(3, 13)
(4, 14)
(5, 15)
(6, 16)
(3, 13)
(4, 12)
(5, 11)
(6, 10)
3 14 56
(3, 14)
(4, 14)
(5, 14)
(6, 14)
(3, 14)
(3, 15)
(3, 16)
(3, 17)
(3, 14)
(4, 15)
(5, 16)
(6, 17)
(3, 14)
(4, 13)
(5, 12)
(6, 11)
3 15 71
(3, 15)
(4, 15)
(5, 15)
(6, 15)
(3, 15)
(3, 16)
(3, 17)
(3, 18)
(3, 15)
(4, 16)
(5, 17)
(6, 18)
(3, 15)
(4, 14)
(5, 13)
(6, 12)
3 16 37
(3, 16)
(4, 16)
(5, 16)
(6, 16)
(3, 16)
(3, 17)
(3, 18)
(3, 19)
(3, 16)
(4, 17)
(5, 18)
(6, 19)
(3, 16)
(4, 15)
(5, 14)
(6, 13)
3 17 2
(3, 17)
(4, 17)
(5, 17)
(6, 17)
(3, 17)
(3, 18)
(3, 19)
None
(3, 17)
(4, 18)
(5, 19)
None
(3, 17)
(4, 16)
(5, 15)
(6, 14)
3 18 36
(3, 18)
(4, 18)
(5, 18)
(6, 18)
(3, 18)
(3, 19)
None
(3, 18)
(4, 19)
None
(3, 18)
(4, 17)
(5, 16)
(6, 15)
3 19 91
(3, 19)
(4, 19)
(5, 19)
(6, 19)
(3, 19)
None
(3, 19)
None
(3, 19)
(4, 18)
(5, 17)
(6, 16)
4 0 22
(4, 0)
(5, 0)
(6, 0)
(7, 0)
(4, 0)
(4, 1)
(4, 2)
(4, 3)
(4, 0)
(5, 1)
(6, 2)
(7, 3)
(4, 0)
None
4 1 31
(4, 1)
(5, 1)
(6, 1)
(7, 1)
(4, 1)
(4, 2)
(4, 3)
(4, 4)
(4, 1)
(5, 2)
(6, 3)
(7, 4)
(4, 1)
(5, 0)
None
4 2 16
(4, 2)
(5, 2)
(6, 2)
(7, 2)
(4, 2)
(4, 3)
(4, 4)
(4, 5)
(4, 2)
(5, 3)
(6, 4)
(7, 5)
(4, 2)
(5, 1)
(6, 0)
None
4 3 71
(4, 3)
(5, 3)
(6, 3)
(7, 3)
(4, 3)
(4, 4)
(4, 5)
(4, 6)
(4, 3)
(5, 4)
(6, 5)
(7, 6)
(4, 3)
(5, 2)
(6, 1)
(7, 0)
4 4 51
(4, 4)
(5, 4)
(6, 4)
(7, 4)
(4, 4)
(4, 5)
(4, 6)
(4, 7)
(4, 4)
(5, 5)
(6, 6)
(7, 7)
(4, 4)
(5, 3)
(6, 2)
(7, 1)
4 5 67
(4, 5)
(5, 5)
(6, 5)
(7, 5)
(4, 5)
(4, 6)
(4, 7)
(4, 8)
(4, 5)
(5, 6)
(6, 7)
(7, 8)
(4, 5)
(5, 4)
(6, 3)
(7, 2)
4 6 63
(4, 6)
(5, 6)
(6, 6)
(7, 6)
(4, 6)
(4, 7)
(4, 8)
(4, 9)
(4, 6)
(5, 7)
(6, 8)
(7, 9)
(4, 6)
(5, 5)
(6, 4)
(7, 3)
4 7 89
(4, 7)
(5, 7)
(6, 7)
(7, 7)
(4, 7)
(4, 8)
(4, 9)
(4, 10)
(4, 7)
(5, 8)
(6, 9)
(7, 10)
(4, 7)
(5, 6)
(6, 5)
(7, 4)
4 8 41
(4, 8)
(5, 8)
(6, 8)
(7, 8)
(4, 8)
(4, 9)
(4, 10)
(4, 11)
(4, 8)
(5, 9)
(6, 10)
(7, 11)
(4, 8)
(5, 7)
(6, 6)
(7, 5)
4 9 92
(4, 9)
(5, 9)
(6, 9)
(7, 9)
(4, 9)
(4, 10)
(4, 11)
(4, 12)
(4, 9)
(5, 10)
(6, 11)
(7, 12)
(4, 9)
(5, 8)
(6, 7)
(7, 6)
4 10 36
(4, 10)
(5, 10)
(6, 10)
(7, 10)
(4, 10)
(4, 11)
(4, 12)
(4, 13)
(4, 10)
(5, 11)
(6, 12)
(7, 13)
(4, 10)
(5, 9)
(6, 8)
(7, 7)
4 11 54
(4, 11)
(5, 11)
(6, 11)
(7, 11)
(4, 11)
(4, 12)
(4, 13)
(4, 14)
(4, 11)
(5, 12)
(6, 13)
(7, 14)
(4, 11)
(5, 10)
(6, 9)
(7, 8)
4 12 22
(4, 12)
(5, 12)
(6, 12)
(7, 12)
(4, 12)
(4, 13)
(4, 14)
(4, 15)
(4, 12)
(5, 13)
(6, 14)
(7, 15)
(4, 12)
(5, 11)
(6, 10)
(7, 9)
4 13 40
(4, 13)
(5, 13)
(6, 13)
(7, 13)
(4, 13)
(4, 14)
(4, 15)
(4, 16)
(4, 13)
(5, 14)
(6, 15)
(7, 16)
(4, 13)
(5, 12)
(6, 11)
(7, 10)
4 14 40
(4, 14)
(5, 14)
(6, 14)
(7, 14)
(4, 14)
(4, 15)
(4, 16)
(4, 17)
(4, 14)
(5, 15)
(6, 16)
(7, 17)
(4, 14)
(5, 13)
(6, 12)
(7, 11)
4 15 28
(4, 15)
(5, 15)
(6, 15)
(7, 15)
(4, 15)
(4, 16)
(4, 17)
(4, 18)
(4, 15)
(5, 16)
(6, 17)
(7, 18)
(4, 15)
(5, 14)
(6, 13)
(7, 12)
4 16 66
(4, 16)
(5, 16)
(6, 16)
(7, 16)
(4, 16)
(4, 17)
(4, 18)
(4, 19)
(4, 16)
(5, 17)
(6, 18)
(7, 19)
(4, 16)
(5, 15)
(6, 14)
(7, 13)
4 17 33
(4, 17)
(5, 17)
(6, 17)
(7, 17)
(4, 17)
(4, 18)
(4, 19)
None
(4, 17)
(5, 18)
(6, 19)
None
(4, 17)
(5, 16)
(6, 15)
(7, 14)
4 18 13
(4, 18)
(5, 18)
(6, 18)
(7, 18)
(4, 18)
(4, 19)
None
(4, 18)
(5, 19)
None
(4, 18)
(5, 17)
(6, 16)
(7, 15)
4 19 80
(4, 19)
(5, 19)
(6, 19)
(7, 19)
(4, 19)
None
(4, 19)
None
(4, 19)
(5, 18)
(6, 17)
(7, 16)
5 0 24
(5, 0)
(6, 0)
(7, 0)
(8, 0)
(5, 0)
(5, 1)
(5, 2)
(5, 3)
(5, 0)
(6, 1)
(7, 2)
(8, 3)
(5, 0)
None
5 1 47
(5, 1)
(6, 1)
(7, 1)
(8, 1)
(5, 1)
(5, 2)
(5, 3)
(5, 4)
(5, 1)
(6, 2)
(7, 3)
(8, 4)
(5, 1)
(6, 0)
None
5 2 32
(5, 2)
(6, 2)
(7, 2)
(8, 2)
(5, 2)
(5, 3)
(5, 4)
(5, 5)
(5, 2)
(6, 3)
(7, 4)
(8, 5)
(5, 2)
(6, 1)
(7, 0)
None
5 3 60
(5, 3)
(6, 3)
(7, 3)
(8, 3)
(5, 3)
(5, 4)
(5, 5)
(5, 6)
(5, 3)
(6, 4)
(7, 5)
(8, 6)
(5, 3)
(6, 2)
(7, 1)
(8, 0)
5 4 99
(5, 4)
(6, 4)
(7, 4)
(8, 4)
(5, 4)
(5, 5)
(5, 6)
(5, 7)
(5, 4)
(6, 5)
(7, 6)
(8, 7)
(5, 4)
(6, 3)
(7, 2)
(8, 1)
5 5 3
(5, 5)
(6, 5)
(7, 5)
(8, 5)
(5, 5)
(5, 6)
(5, 7)
(5, 8)
(5, 5)
(6, 6)
(7, 7)
(8, 8)
(5, 5)
(6, 4)
(7, 3)
(8, 2)
5 6 45
(5, 6)
(6, 6)
(7, 6)
(8, 6)
(5, 6)
(5, 7)
(5, 8)
(5, 9)
(5, 6)
(6, 7)
(7, 8)
(8, 9)
(5, 6)
(6, 5)
(7, 4)
(8, 3)
5 7 2
(5, 7)
(6, 7)
(7, 7)
(8, 7)
(5, 7)
(5, 8)
(5, 9)
(5, 10)
(5, 7)
(6, 8)
(7, 9)
(8, 10)
(5, 7)
(6, 6)
(7, 5)
(8, 4)
5 8 44
(5, 8)
(6, 8)
(7, 8)
(8, 8)
(5, 8)
(5, 9)
(5, 10)
(5, 11)
(5, 8)
(6, 9)
(7, 10)
(8, 11)
(5, 8)
(6, 7)
(7, 6)
(8, 5)
5 9 75
(5, 9)
(6, 9)
(7, 9)
(8, 9)
(5, 9)
(5, 10)
(5, 11)
(5, 12)
(5, 9)
(6, 10)
(7, 11)
(8, 12)
(5, 9)
(6, 8)
(7, 7)
(8, 6)
5 10 33
(5, 10)
(6, 10)
(7, 10)
(8, 10)
(5, 10)
(5, 11)
(5, 12)
(5, 13)
(5, 10)
(6, 11)
(7, 12)
(8, 13)
(5, 10)
(6, 9)
(7, 8)
(8, 7)
5 11 53
(5, 11)
(6, 11)
(7, 11)
(8, 11)
(5, 11)
(5, 12)
(5, 13)
(5, 14)
(5, 11)
(6, 12)
(7, 13)
(8, 14)
(5, 11)
(6, 10)
(7, 9)
(8, 8)
5 12 78
(5, 12)
(6, 12)
(7, 12)
(8, 12)
(5, 12)
(5, 13)
(5, 14)
(5, 15)
(5, 12)
(6, 13)
(7, 14)
(8, 15)
(5, 12)
(6, 11)
(7, 10)
(8, 9)
5 13 36
(5, 13)
(6, 13)
(7, 13)
(8, 13)
(5, 13)
(5, 14)
(5, 15)
(5, 16)
(5, 13)
(6, 14)
(7, 15)
(8, 16)
(5, 13)
(6, 12)
(7, 11)
(8, 10)
5 14 84
(5, 14)
(6, 14)
(7, 14)
(8, 14)
(5, 14)
(5, 15)
(5, 16)
(5, 17)
(5, 14)
(6, 15)
(7, 16)
(8, 17)
(5, 14)
(6, 13)
(7, 12)
(8, 11)
5 15 20
(5, 15)
(6, 15)
(7, 15)
(8, 15)
(5, 15)
(5, 16)
(5, 17)
(5, 18)
(5, 15)
(6, 16)
(7, 17)
(8, 18)
(5, 15)
(6, 14)
(7, 13)
(8, 12)
5 16 35
(5, 16)
(6, 16)
(7, 16)
(8, 16)
(5, 16)
(5, 17)
(5, 18)
(5, 19)
(5, 16)
(6, 17)
(7, 18)
(8, 19)
(5, 16)
(6, 15)
(7, 14)
(8, 13)
5 17 17
(5, 17)
(6, 17)
(7, 17)
(8, 17)
(5, 17)
(5, 18)
(5, 19)
None
(5, 17)
(6, 18)
(7, 19)
None
(5, 17)
(6, 16)
(7, 15)
(8, 14)
5 18 12
(5, 18)
(6, 18)
(7, 18)
(8, 18)
(5, 18)
(5, 19)
None
(5, 18)
(6, 19)
None
(5, 18)
(6, 17)
(7, 16)
(8, 15)
5 19 50
(5, 19)
(6, 19)
(7, 19)
(8, 19)
(5, 19)
None
(5, 19)
None
(5, 19)
(6, 18)
(7, 17)
(8, 16)
6 0 32
(6, 0)
(7, 0)
(8, 0)
(9, 0)
(6, 0)
(6, 1)
(6, 2)
(6, 3)
(6, 0)
(7, 1)
(8, 2)
(9, 3)
(6, 0)
None
6 1 98
(6, 1)
(7, 1)
(8, 1)
(9, 1)
(6, 1)
(6, 2)
(6, 3)
(6, 4)
(6, 1)
(7, 2)
(8, 3)
(9, 4)
(6, 1)
(7, 0)
None
6 2 81
(6, 2)
(7, 2)
(8, 2)
(9, 2)
(6, 2)
(6, 3)
(6, 4)
(6, 5)
(6, 2)
(7, 3)
(8, 4)
(9, 5)
(6, 2)
(7, 1)
(8, 0)
None
6 3 28
(6, 3)
(7, 3)
(8, 3)
(9, 3)
(6, 3)
(6, 4)
(6, 5)
(6, 6)
(6, 3)
(7, 4)
(8, 5)
(9, 6)
(6, 3)
(7, 2)
(8, 1)
(9, 0)
6 4 64
(6, 4)
(7, 4)
(8, 4)
(9, 4)
(6, 4)
(6, 5)
(6, 6)
(6, 7)
(6, 4)
(7, 5)
(8, 6)
(9, 7)
(6, 4)
(7, 3)
(8, 2)
(9, 1)
6 5 23
(6, 5)
(7, 5)
(8, 5)
(9, 5)
(6, 5)
(6, 6)
(6, 7)
(6, 8)
(6, 5)
(7, 6)
(8, 7)
(9, 8)
(6, 5)
(7, 4)
(8, 3)
(9, 2)
6 6 67
(6, 6)
(7, 6)
(8, 6)
(9, 6)
(6, 6)
(6, 7)
(6, 8)
(6, 9)
(6, 6)
(7, 7)
(8, 8)
(9, 9)
(6, 6)
(7, 5)
(8, 4)
(9, 3)
6 7 10
(6, 7)
(7, 7)
(8, 7)
(9, 7)
(6, 7)
(6, 8)
(6, 9)
(6, 10)
(6, 7)
(7, 8)
(8, 9)
(9, 10)
(6, 7)
(7, 6)
(8, 5)
(9, 4)
6 8 26
(6, 8)
(7, 8)
(8, 8)
(9, 8)
(6, 8)
(6, 9)
(6, 10)
(6, 11)
(6, 8)
(7, 9)
(8, 10)
(9, 11)
(6, 8)
(7, 7)
(8, 6)
(9, 5)
6 9 38
(6, 9)
(7, 9)
(8, 9)
(9, 9)
(6, 9)
(6, 10)
(6, 11)
(6, 12)
(6, 9)
(7, 10)
(8, 11)
(9, 12)
(6, 9)
(7, 8)
(8, 7)
(9, 6)
6 10 40
(6, 10)
(7, 10)
(8, 10)
(9, 10)
(6, 10)
(6, 11)
(6, 12)
(6, 13)
(6, 10)
(7, 11)
(8, 12)
(9, 13)
(6, 10)
(7, 9)
(8, 8)
(9, 7)
6 11 67
(6, 11)
(7, 11)
(8, 11)
(9, 11)
(6, 11)
(6, 12)
(6, 13)
(6, 14)
(6, 11)
(7, 12)
(8, 13)
(9, 14)
(6, 11)
(7, 10)
(8, 9)
(9, 8)
6 12 59
(6, 12)
(7, 12)
(8, 12)
(9, 12)
(6, 12)
(6, 13)
(6, 14)
(6, 15)
(6, 12)
(7, 13)
(8, 14)
(9, 15)
(6, 12)
(7, 11)
(8, 10)
(9, 9)
6 13 54
(6, 13)
(7, 13)
(8, 13)
(9, 13)
(6, 13)
(6, 14)
(6, 15)
(6, 16)
(6, 13)
(7, 14)
(8, 15)
(9, 16)
(6, 13)
(7, 12)
(8, 11)
(9, 10)
6 14 70
(6, 14)
(7, 14)
(8, 14)
(9, 14)
(6, 14)
(6, 15)
(6, 16)
(6, 17)
(6, 14)
(7, 15)
(8, 16)
(9, 17)
(6, 14)
(7, 13)
(8, 12)
(9, 11)
6 15 66
(6, 15)
(7, 15)
(8, 15)
(9, 15)
(6, 15)
(6, 16)
(6, 17)
(6, 18)
(6, 15)
(7, 16)
(8, 17)
(9, 18)
(6, 15)
(7, 14)
(8, 13)
(9, 12)
6 16 18
(6, 16)
(7, 16)
(8, 16)
(9, 16)
(6, 16)
(6, 17)
(6, 18)
(6, 19)
(6, 16)
(7, 17)
(8, 18)
(9, 19)
(6, 16)
(7, 15)
(8, 14)
(9, 13)
6 17 38
(6, 17)
(7, 17)
(8, 17)
(9, 17)
(6, 17)
(6, 18)
(6, 19)
None
(6, 17)
(7, 18)
(8, 19)
None
(6, 17)
(7, 16)
(8, 15)
(9, 14)
6 18 64
(6, 18)
(7, 18)
(8, 18)
(9, 18)
(6, 18)
(6, 19)
None
(6, 18)
(7, 19)
None
(6, 18)
(7, 17)
(8, 16)
(9, 15)
6 19 70
(6, 19)
(7, 19)
(8, 19)
(9, 19)
(6, 19)
None
(6, 19)
None
(6, 19)
(7, 18)
(8, 17)
(9, 16)
7 0 67
(7, 0)
(8, 0)
(9, 0)
(10, 0)
(7, 0)
(7, 1)
(7, 2)
(7, 3)
(7, 0)
(8, 1)
(9, 2)
(10, 3)
(7, 0)
None
7 1 26
(7, 1)
(8, 1)
(9, 1)
(10, 1)
(7, 1)
(7, 2)
(7, 3)
(7, 4)
(7, 1)
(8, 2)
(9, 3)
(10, 4)
(7, 1)
(8, 0)
None
7 2 20
(7, 2)
(8, 2)
(9, 2)
(10, 2)
(7, 2)
(7, 3)
(7, 4)
(7, 5)
(7, 2)
(8, 3)
(9, 4)
(10, 5)
(7, 2)
(8, 1)
(9, 0)
None
7 3 68
(7, 3)
(8, 3)
(9, 3)
(10, 3)
(7, 3)
(7, 4)
(7, 5)
(7, 6)
(7, 3)
(8, 4)
(9, 5)
(10, 6)
(7, 3)
(8, 2)
(9, 1)
(10, 0)
7 4 2
(7, 4)
(8, 4)
(9, 4)
(10, 4)
(7, 4)
(7, 5)
(7, 6)
(7, 7)
(7, 4)
(8, 5)
(9, 6)
(10, 7)
(7, 4)
(8, 3)
(9, 2)
(10, 1)
7 5 62
(7, 5)
(8, 5)
(9, 5)
(10, 5)
(7, 5)
(7, 6)
(7, 7)
(7, 8)
(7, 5)
(8, 6)
(9, 7)
(10, 8)
(7, 5)
(8, 4)
(9, 3)
(10, 2)
7 6 12
(7, 6)
(8, 6)
(9, 6)
(10, 6)
(7, 6)
(7, 7)
(7, 8)
(7, 9)
(7, 6)
(8, 7)
(9, 8)
(10, 9)
(7, 6)
(8, 5)
(9, 4)
(10, 3)
7 7 20
(7, 7)
(8, 7)
(9, 7)
(10, 7)
(7, 7)
(7, 8)
(7, 9)
(7, 10)
(7, 7)
(8, 8)
(9, 9)
(10, 10)
(7, 7)
(8, 6)
(9, 5)
(10, 4)
7 8 95
(7, 8)
(8, 8)
(9, 8)
(10, 8)
(7, 8)
(7, 9)
(7, 10)
(7, 11)
(7, 8)
(8, 9)
(9, 10)
(10, 11)
(7, 8)
(8, 7)
(9, 6)
(10, 5)
7 9 63
(7, 9)
(8, 9)
(9, 9)
(10, 9)
(7, 9)
(7, 10)
(7, 11)
(7, 12)
(7, 9)
(8, 10)
(9, 11)
(10, 12)
(7, 9)
(8, 8)
(9, 7)
(10, 6)
7 10 94
(7, 10)
(8, 10)
(9, 10)
(10, 10)
(7, 10)
(7, 11)
(7, 12)
(7, 13)
(7, 10)
(8, 11)
(9, 12)
(10, 13)
(7, 10)
(8, 9)
(9, 8)
(10, 7)
7 11 39
(7, 11)
(8, 11)
(9, 11)
(10, 11)
(7, 11)
(7, 12)
(7, 13)
(7, 14)
(7, 11)
(8, 12)
(9, 13)
(10, 14)
(7, 11)
(8, 10)
(9, 9)
(10, 8)
7 12 63
(7, 12)
(8, 12)
(9, 12)
(10, 12)
(7, 12)
(7, 13)
(7, 14)
(7, 15)
(7, 12)
(8, 13)
(9, 14)
(10, 15)
(7, 12)
(8, 11)
(9, 10)
(10, 9)
7 13 8
(7, 13)
(8, 13)
(9, 13)
(10, 13)
(7, 13)
(7, 14)
(7, 15)
(7, 16)
(7, 13)
(8, 14)
(9, 15)
(10, 16)
(7, 13)
(8, 12)
(9, 11)
(10, 10)
7 14 40
(7, 14)
(8, 14)
(9, 14)
(10, 14)
(7, 14)
(7, 15)
(7, 16)
(7, 17)
(7, 14)
(8, 15)
(9, 16)
(10, 17)
(7, 14)
(8, 13)
(9, 12)
(10, 11)
7 15 91
(7, 15)
(8, 15)
(9, 15)
(10, 15)
(7, 15)
(7, 16)
(7, 17)
(7, 18)
(7, 15)
(8, 16)
(9, 17)
(10, 18)
(7, 15)
(8, 14)
(9, 13)
(10, 12)
7 16 66
(7, 16)
(8, 16)
(9, 16)
(10, 16)
(7, 16)
(7, 17)
(7, 18)
(7, 19)
(7, 16)
(8, 17)
(9, 18)
(10, 19)
(7, 16)
(8, 15)
(9, 14)
(10, 13)
7 17 49
(7, 17)
(8, 17)
(9, 17)
(10, 17)
(7, 17)
(7, 18)
(7, 19)
None
(7, 17)
(8, 18)
(9, 19)
None
(7, 17)
(8, 16)
(9, 15)
(10, 14)
7 18 94
(7, 18)
(8, 18)
(9, 18)
(10, 18)
(7, 18)
(7, 19)
None
(7, 18)
(8, 19)
None
(7, 18)
(8, 17)
(9, 16)
(10, 15)
7 19 21
(7, 19)
(8, 19)
(9, 19)
(10, 19)
(7, 19)
None
(7, 19)
None
(7, 19)
(8, 18)
(9, 17)
(10, 16)
8 0 24
(8, 0)
(9, 0)
(10, 0)
(11, 0)
(8, 0)
(8, 1)
(8, 2)
(8, 3)
(8, 0)
(9, 1)
(10, 2)
(11, 3)
(8, 0)
None
8 1 55
(8, 1)
(9, 1)
(10, 1)
(11, 1)
(8, 1)
(8, 2)
(8, 3)
(8, 4)
(8, 1)
(9, 2)
(10, 3)
(11, 4)
(8, 1)
(9, 0)
None
8 2 58
(8, 2)
(9, 2)
(10, 2)
(11, 2)
(8, 2)
(8, 3)
(8, 4)
(8, 5)
(8, 2)
(9, 3)
(10, 4)
(11, 5)
(8, 2)
(9, 1)
(10, 0)
None
8 3 5
(8, 3)
(9, 3)
(10, 3)
(11, 3)
(8, 3)
(8, 4)
(8, 5)
(8, 6)
(8, 3)
(9, 4)
(10, 5)
(11, 6)
(8, 3)
(9, 2)
(10, 1)
(11, 0)
8 4 66
(8, 4)
(9, 4)
(10, 4)
(11, 4)
(8, 4)
(8, 5)
(8, 6)
(8, 7)
(8, 4)
(9, 5)
(10, 6)
(11, 7)
(8, 4)
(9, 3)
(10, 2)
(11, 1)
8 5 73
(8, 5)
(9, 5)
(10, 5)
(11, 5)
(8, 5)
(8, 6)
(8, 7)
(8, 8)
(8, 5)
(9, 6)
(10, 7)
(11, 8)
(8, 5)
(9, 4)
(10, 3)
(11, 2)
8 6 99
(8, 6)
(9, 6)
(10, 6)
(11, 6)
(8, 6)
(8, 7)
(8, 8)
(8, 9)
(8, 6)
(9, 7)
(10, 8)
(11, 9)
(8, 6)
(9, 5)
(10, 4)
(11, 3)
8 7 26
(8, 7)
(9, 7)
(10, 7)
(11, 7)
(8, 7)
(8, 8)
(8, 9)
(8, 10)
(8, 7)
(9, 8)
(10, 9)
(11, 10)
(8, 7)
(9, 6)
(10, 5)
(11, 4)
8 8 97
(8, 8)
(9, 8)
(10, 8)
(11, 8)
(8, 8)
(8, 9)
(8, 10)
(8, 11)
(8, 8)
(9, 9)
(10, 10)
(11, 11)
(8, 8)
(9, 7)
(10, 6)
(11, 5)
8 9 17
(8, 9)
(9, 9)
(10, 9)
(11, 9)
(8, 9)
(8, 10)
(8, 11)
(8, 12)
(8, 9)
(9, 10)
(10, 11)
(11, 12)
(8, 9)
(9, 8)
(10, 7)
(11, 6)
8 10 78
(8, 10)
(9, 10)
(10, 10)
(11, 10)
(8, 10)
(8, 11)
(8, 12)
(8, 13)
(8, 10)
(9, 11)
(10, 12)
(11, 13)
(8, 10)
(9, 9)
(10, 8)
(11, 7)
8 11 78
(8, 11)
(9, 11)
(10, 11)
(11, 11)
(8, 11)
(8, 12)
(8, 13)
(8, 14)
(8, 11)
(9, 12)
(10, 13)
(11, 14)
(8, 11)
(9, 10)
(10, 9)
(11, 8)
8 12 96
(8, 12)
(9, 12)
(10, 12)
(11, 12)
(8, 12)
(8, 13)
(8, 14)
(8, 15)
(8, 12)
(9, 13)
(10, 14)
(11, 15)
(8, 12)
(9, 11)
(10, 10)
(11, 9)
8 13 83
(8, 13)
(9, 13)
(10, 13)
(11, 13)
(8, 13)
(8, 14)
(8, 15)
(8, 16)
(8, 13)
(9, 14)
(10, 15)
(11, 16)
(8, 13)
(9, 12)
(10, 11)
(11, 10)
8 14 14
(8, 14)
(9, 14)
(10, 14)
(11, 14)
(8, 14)
(8, 15)
(8, 16)
(8, 17)
(8, 14)
(9, 15)
(10, 16)
(11, 17)
(8, 14)
(9, 13)
(10, 12)
(11, 11)
8 15 88
(8, 15)
(9, 15)
(10, 15)
(11, 15)
(8, 15)
(8, 16)
(8, 17)
(8, 18)
(8, 15)
(9, 16)
(10, 17)
(11, 18)
(8, 15)
(9, 14)
(10, 13)
(11, 12)
8 16 34
(8, 16)
(9, 16)
(10, 16)
(11, 16)
(8, 16)
(8, 17)
(8, 18)
(8, 19)
(8, 16)
(9, 17)
(10, 18)
(11, 19)
(8, 16)
(9, 15)
(10, 14)
(11, 13)
8 17 89
(8, 17)
(9, 17)
(10, 17)
(11, 17)
(8, 17)
(8, 18)
(8, 19)
None
(8, 17)
(9, 18)
(10, 19)
None
(8, 17)
(9, 16)
(10, 15)
(11, 14)
8 18 63
(8, 18)
(9, 18)
(10, 18)
(11, 18)
(8, 18)
(8, 19)
None
(8, 18)
(9, 19)
None
(8, 18)
(9, 17)
(10, 16)
(11, 15)
8 19 72
(8, 19)
(9, 19)
(10, 19)
(11, 19)
(8, 19)
None
(8, 19)
None
(8, 19)
(9, 18)
(10, 17)
(11, 16)
9 0 21
(9, 0)
(10, 0)
(11, 0)
(12, 0)
(9, 0)
(9, 1)
(9, 2)
(9, 3)
(9, 0)
(10, 1)
(11, 2)
(12, 3)
(9, 0)
None
9 1 36
(9, 1)
(10, 1)
(11, 1)
(12, 1)
(9, 1)
(9, 2)
(9, 3)
(9, 4)
(9, 1)
(10, 2)
(11, 3)
(12, 4)
(9, 1)
(10, 0)
None
9 2 23
(9, 2)
(10, 2)
(11, 2)
(12, 2)
(9, 2)
(9, 3)
(9, 4)
(9, 5)
(9, 2)
(10, 3)
(11, 4)
(12, 5)
(9, 2)
(10, 1)
(11, 0)
None
9 3 9
(9, 3)
(10, 3)
(11, 3)
(12, 3)
(9, 3)
(9, 4)
(9, 5)
(9, 6)
(9, 3)
(10, 4)
(11, 5)
(12, 6)
(9, 3)
(10, 2)
(11, 1)
(12, 0)
9 4 75
(9, 4)
(10, 4)
(11, 4)
(12, 4)
(9, 4)
(9, 5)
(9, 6)
(9, 7)
(9, 4)
(10, 5)
(11, 6)
(12, 7)
(9, 4)
(10, 3)
(11, 2)
(12, 1)
9 5 0
(9, 5)
(10, 5)
(11, 5)
(12, 5)
(9, 5)
(9, 6)
(9, 7)
(9, 8)
(9, 5)
(10, 6)
(11, 7)
(12, 8)
(9, 5)
(10, 4)
(11, 3)
(12, 2)
9 6 76
(9, 6)
(10, 6)
(11, 6)
(12, 6)
(9, 6)
(9, 7)
(9, 8)
(9, 9)
(9, 6)
(10, 7)
(11, 8)
(12, 9)
(9, 6)
(10, 5)
(11, 4)
(12, 3)
9 7 44
(9, 7)
(10, 7)
(11, 7)
(12, 7)
(9, 7)
(9, 8)
(9, 9)
(9, 10)
(9, 7)
(10, 8)
(11, 9)
(12, 10)
(9, 7)
(10, 6)
(11, 5)
(12, 4)
9 8 20
(9, 8)
(10, 8)
(11, 8)
(12, 8)
(9, 8)
(9, 9)
(9, 10)
(9, 11)
(9, 8)
(10, 9)
(11, 10)
(12, 11)
(9, 8)
(10, 7)
(11, 6)
(12, 5)
9 9 45
(9, 9)
(10, 9)
(11, 9)
(12, 9)
(9, 9)
(9, 10)
(9, 11)
(9, 12)
(9, 9)
(10, 10)
(11, 11)
(12, 12)
(9, 9)
(10, 8)
(11, 7)
(12, 6)
9 10 35
(9, 10)
(10, 10)
(11, 10)
(12, 10)
(9, 10)
(9, 11)
(9, 12)
(9, 13)
(9, 10)
(10, 11)
(11, 12)
(12, 13)
(9, 10)
(10, 9)
(11, 8)
(12, 7)
9 11 14
(9, 11)
(10, 11)
(11, 11)
(12, 11)
(9, 11)
(9, 12)
(9, 13)
(9, 14)
(9, 11)
(10, 12)
(11, 13)
(12, 14)
(9, 11)
(10, 10)
(11, 9)
(12, 8)
9 12 0
(9, 12)
(10, 12)
(11, 12)
(12, 12)
(9, 12)
(9, 13)
(9, 14)
(9, 15)
(9, 12)
(10, 13)
(11, 14)
(12, 15)
(9, 12)
(10, 11)
(11, 10)
(12, 9)
9 13 61
(9, 13)
(10, 13)
(11, 13)
(12, 13)
(9, 13)
(9, 14)
(9, 15)
(9, 16)
(9, 13)
(10, 14)
(11, 15)
(12, 16)
(9, 13)
(10, 12)
(11, 11)
(12, 10)
9 14 33
(9, 14)
(10, 14)
(11, 14)
(12, 14)
(9, 14)
(9, 15)
(9, 16)
(9, 17)
(9, 14)
(10, 15)
(11, 16)
(12, 17)
(9, 14)
(10, 13)
(11, 12)
(12, 11)
9 15 97
(9, 15)
(10, 15)
(11, 15)
(12, 15)
(9, 15)
(9, 16)
(9, 17)
(9, 18)
(9, 15)
(10, 16)
(11, 17)
(12, 18)
(9, 15)
(10, 14)
(11, 13)
(12, 12)
9 16 34
(9, 16)
(10, 16)
(11, 16)
(12, 16)
(9, 16)
(9, 17)
(9, 18)
(9, 19)
(9, 16)
(10, 17)
(11, 18)
(12, 19)
(9, 16)
(10, 15)
(11, 14)
(12, 13)
9 17 31
(9, 17)
(10, 17)
(11, 17)
(12, 17)
(9, 17)
(9, 18)
(9, 19)
None
(9, 17)
(10, 18)
(11, 19)
None
(9, 17)
(10, 16)
(11, 15)
(12, 14)
9 18 33
(9, 18)
(10, 18)
(11, 18)
(12, 18)
(9, 18)
(9, 19)
None
(9, 18)
(10, 19)
None
(9, 18)
(10, 17)
(11, 16)
(12, 15)
9 19 95
(9, 19)
(10, 19)
(11, 19)
(12, 19)
(9, 19)
None
(9, 19)
None
(9, 19)
(10, 18)
(11, 17)
(12, 16)
10 0 78
(10, 0)
(11, 0)
(12, 0)
(13, 0)
(10, 0)
(10, 1)
(10, 2)
(10, 3)
(10, 0)
(11, 1)
(12, 2)
(13, 3)
(10, 0)
None
10 1 17
(10, 1)
(11, 1)
(12, 1)
(13, 1)
(10, 1)
(10, 2)
(10, 3)
(10, 4)
(10, 1)
(11, 2)
(12, 3)
(13, 4)
(10, 1)
(11, 0)
None
10 2 53
(10, 2)
(11, 2)
(12, 2)
(13, 2)
(10, 2)
(10, 3)
(10, 4)
(10, 5)
(10, 2)
(11, 3)
(12, 4)
(13, 5)
(10, 2)
(11, 1)
(12, 0)
None
10 3 28
(10, 3)
(11, 3)
(12, 3)
(13, 3)
(10, 3)
(10, 4)
(10, 5)
(10, 6)
(10, 3)
(11, 4)
(12, 5)
(13, 6)
(10, 3)
(11, 2)
(12, 1)
(13, 0)
10 4 22
(10, 4)
(11, 4)
(12, 4)
(13, 4)
(10, 4)
(10, 5)
(10, 6)
(10, 7)
(10, 4)
(11, 5)
(12, 6)
(13, 7)
(10, 4)
(11, 3)
(12, 2)
(13, 1)
10 5 75
(10, 5)
(11, 5)
(12, 5)
(13, 5)
(10, 5)
(10, 6)
(10, 7)
(10, 8)
(10, 5)
(11, 6)
(12, 7)
(13, 8)
(10, 5)
(11, 4)
(12, 3)
(13, 2)
10 6 31
(10, 6)
(11, 6)
(12, 6)
(13, 6)
(10, 6)
(10, 7)
(10, 8)
(10, 9)
(10, 6)
(11, 7)
(12, 8)
(13, 9)
(10, 6)
(11, 5)
(12, 4)
(13, 3)
10 7 67
(10, 7)
(11, 7)
(12, 7)
(13, 7)
(10, 7)
(10, 8)
(10, 9)
(10, 10)
(10, 7)
(11, 8)
(12, 9)
(13, 10)
(10, 7)
(11, 6)
(12, 5)
(13, 4)
10 8 15
(10, 8)
(11, 8)
(12, 8)
(13, 8)
(10, 8)
(10, 9)
(10, 10)
(10, 11)
(10, 8)
(11, 9)
(12, 10)
(13, 11)
(10, 8)
(11, 7)
(12, 6)
(13, 5)
10 9 94
(10, 9)
(11, 9)
(12, 9)
(13, 9)
(10, 9)
(10, 10)
(10, 11)
(10, 12)
(10, 9)
(11, 10)
(12, 11)
(13, 12)
(10, 9)
(11, 8)
(12, 7)
(13, 6)
10 10 3
(10, 10)
(11, 10)
(12, 10)
(13, 10)
(10, 10)
(10, 11)
(10, 12)
(10, 13)
(10, 10)
(11, 11)
(12, 12)
(13, 13)
(10, 10)
(11, 9)
(12, 8)
(13, 7)
10 11 80
(10, 11)
(11, 11)
(12, 11)
(13, 11)
(10, 11)
(10, 12)
(10, 13)
(10, 14)
(10, 11)
(11, 12)
(12, 13)
(13, 14)
(10, 11)
(11, 10)
(12, 9)
(13, 8)
10 12 4
(10, 12)
(11, 12)
(12, 12)
(13, 12)
(10, 12)
(10, 13)
(10, 14)
(10, 15)
(10, 12)
(11, 13)
(12, 14)
(13, 15)
(10, 12)
(11, 11)
(12, 10)
(13, 9)
10 13 62
(10, 13)
(11, 13)
(12, 13)
(13, 13)
(10, 13)
(10, 14)
(10, 15)
(10, 16)
(10, 13)
(11, 14)
(12, 15)
(13, 16)
(10, 13)
(11, 12)
(12, 11)
(13, 10)
10 14 16
(10, 14)
(11, 14)
(12, 14)
(13, 14)
(10, 14)
(10, 15)
(10, 16)
(10, 17)
(10, 14)
(11, 15)
(12, 16)
(13, 17)
(10, 14)
(11, 13)
(12, 12)
(13, 11)
10 15 14
(10, 15)
(11, 15)
(12, 15)
(13, 15)
(10, 15)
(10, 16)
(10, 17)
(10, 18)
(10, 15)
(11, 16)
(12, 17)
(13, 18)
(10, 15)
(11, 14)
(12, 13)
(13, 12)
10 16 9
(10, 16)
(11, 16)
(12, 16)
(13, 16)
(10, 16)
(10, 17)
(10, 18)
(10, 19)
(10, 16)
(11, 17)
(12, 18)
(13, 19)
(10, 16)
(11, 15)
(12, 14)
(13, 13)
10 17 53
(10, 17)
(11, 17)
(12, 17)
(13, 17)
(10, 17)
(10, 18)
(10, 19)
None
(10, 17)
(11, 18)
(12, 19)
None
(10, 17)
(11, 16)
(12, 15)
(13, 14)
10 18 56
(10, 18)
(11, 18)
(12, 18)
(13, 18)
(10, 18)
(10, 19)
None
(10, 18)
(11, 19)
None
(10, 18)
(11, 17)
(12, 16)
(13, 15)
10 19 92
(10, 19)
(11, 19)
(12, 19)
(13, 19)
(10, 19)
None
(10, 19)
None
(10, 19)
(11, 18)
(12, 17)
(13, 16)
11 0 16
(11, 0)
(12, 0)
(13, 0)
(14, 0)
(11, 0)
(11, 1)
(11, 2)
(11, 3)
(11, 0)
(12, 1)
(13, 2)
(14, 3)
(11, 0)
None
11 1 39
(11, 1)
(12, 1)
(13, 1)
(14, 1)
(11, 1)
(11, 2)
(11, 3)
(11, 4)
(11, 1)
(12, 2)
(13, 3)
(14, 4)
(11, 1)
(12, 0)
None
11 2 5
(11, 2)
(12, 2)
(13, 2)
(14, 2)
(11, 2)
(11, 3)
(11, 4)
(11, 5)
(11, 2)
(12, 3)
(13, 4)
(14, 5)
(11, 2)
(12, 1)
(13, 0)
None
11 3 42
(11, 3)
(12, 3)
(13, 3)
(14, 3)
(11, 3)
(11, 4)
(11, 5)
(11, 6)
(11, 3)
(12, 4)
(13, 5)
(14, 6)
(11, 3)
(12, 2)
(13, 1)
(14, 0)
11 4 96
(11, 4)
(12, 4)
(13, 4)
(14, 4)
(11, 4)
(11, 5)
(11, 6)
(11, 7)
(11, 4)
(12, 5)
(13, 6)
(14, 7)
(11, 4)
(12, 3)
(13, 2)
(14, 1)
11 5 35
(11, 5)
(12, 5)
(13, 5)
(14, 5)
(11, 5)
(11, 6)
(11, 7)
(11, 8)
(11, 5)
(12, 6)
(13, 7)
(14, 8)
(11, 5)
(12, 4)
(13, 3)
(14, 2)
11 6 31
(11, 6)
(12, 6)
(13, 6)
(14, 6)
(11, 6)
(11, 7)
(11, 8)
(11, 9)
(11, 6)
(12, 7)
(13, 8)
(14, 9)
(11, 6)
(12, 5)
(13, 4)
(14, 3)
11 7 47
(11, 7)
(12, 7)
(13, 7)
(14, 7)
(11, 7)
(11, 8)
(11, 9)
(11, 10)
(11, 7)
(12, 8)
(13, 9)
(14, 10)
(11, 7)
(12, 6)
(13, 5)
(14, 4)
11 8 55
(11, 8)
(12, 8)
(13, 8)
(14, 8)
(11, 8)
(11, 9)
(11, 10)
(11, 11)
(11, 8)
(12, 9)
(13, 10)
(14, 11)
(11, 8)
(12, 7)
(13, 6)
(14, 5)
11 9 58
(11, 9)
(12, 9)
(13, 9)
(14, 9)
(11, 9)
(11, 10)
(11, 11)
(11, 12)
(11, 9)
(12, 10)
(13, 11)
(14, 12)
(11, 9)
(12, 8)
(13, 7)
(14, 6)
11 10 88
(11, 10)
(12, 10)
(13, 10)
(14, 10)
(11, 10)
(11, 11)
(11, 12)
(11, 13)
(11, 10)
(12, 11)
(13, 12)
(14, 13)
(11, 10)
(12, 9)
(13, 8)
(14, 7)
11 11 24
(11, 11)
(12, 11)
(13, 11)
(14, 11)
(11, 11)
(11, 12)
(11, 13)
(11, 14)
(11, 11)
(12, 12)
(13, 13)
(14, 14)
(11, 11)
(12, 10)
(13, 9)
(14, 8)
11 12 0
(11, 12)
(12, 12)
(13, 12)
(14, 12)
(11, 12)
(11, 13)
(11, 14)
(11, 15)
(11, 12)
(12, 13)
(13, 14)
(14, 15)
(11, 12)
(12, 11)
(13, 10)
(14, 9)
11 13 17
(11, 13)
(12, 13)
(13, 13)
(14, 13)
(11, 13)
(11, 14)
(11, 15)
(11, 16)
(11, 13)
(12, 14)
(13, 15)
(14, 16)
(11, 13)
(12, 12)
(13, 11)
(14, 10)
11 14 54
(11, 14)
(12, 14)
(13, 14)
(14, 14)
(11, 14)
(11, 15)
(11, 16)
(11, 17)
(11, 14)
(12, 15)
(13, 16)
(14, 17)
(11, 14)
(12, 13)
(13, 12)
(14, 11)
11 15 24
(11, 15)
(12, 15)
(13, 15)
(14, 15)
(11, 15)
(11, 16)
(11, 17)
(11, 18)
(11, 15)
(12, 16)
(13, 17)
(14, 18)
(11, 15)
(12, 14)
(13, 13)
(14, 12)
11 16 36
(11, 16)
(12, 16)
(13, 16)
(14, 16)
(11, 16)
(11, 17)
(11, 18)
(11, 19)
(11, 16)
(12, 17)
(13, 18)
(14, 19)
(11, 16)
(12, 15)
(13, 14)
(14, 13)
11 17 29
(11, 17)
(12, 17)
(13, 17)
(14, 17)
(11, 17)
(11, 18)
(11, 19)
None
(11, 17)
(12, 18)
(13, 19)
None
(11, 17)
(12, 16)
(13, 15)
(14, 14)
11 18 85
(11, 18)
(12, 18)
(13, 18)
(14, 18)
(11, 18)
(11, 19)
None
(11, 18)
(12, 19)
None
(11, 18)
(12, 17)
(13, 16)
(14, 15)
11 19 57
(11, 19)
(12, 19)
(13, 19)
(14, 19)
(11, 19)
None
(11, 19)
None
(11, 19)
(12, 18)
(13, 17)
(14, 16)
12 0 86
(12, 0)
(13, 0)
(14, 0)
(15, 0)
(12, 0)
(12, 1)
(12, 2)
(12, 3)
(12, 0)
(13, 1)
(14, 2)
(15, 3)
(12, 0)
None
12 1 56
(12, 1)
(13, 1)
(14, 1)
(15, 1)
(12, 1)
(12, 2)
(12, 3)
(12, 4)
(12, 1)
(13, 2)
(14, 3)
(15, 4)
(12, 1)
(13, 0)
None
12 2 0
(12, 2)
(13, 2)
(14, 2)
(15, 2)
(12, 2)
(12, 3)
(12, 4)
(12, 5)
(12, 2)
(13, 3)
(14, 4)
(15, 5)
(12, 2)
(13, 1)
(14, 0)
None
12 3 48
(12, 3)
(13, 3)
(14, 3)
(15, 3)
(12, 3)
(12, 4)
(12, 5)
(12, 6)
(12, 3)
(13, 4)
(14, 5)
(15, 6)
(12, 3)
(13, 2)
(14, 1)
(15, 0)
12 4 35
(12, 4)
(13, 4)
(14, 4)
(15, 4)
(12, 4)
(12, 5)
(12, 6)
(12, 7)
(12, 4)
(13, 5)
(14, 6)
(15, 7)
(12, 4)
(13, 3)
(14, 2)
(15, 1)
12 5 71
(12, 5)
(13, 5)
(14, 5)
(15, 5)
(12, 5)
(12, 6)
(12, 7)
(12, 8)
(12, 5)
(13, 6)
(14, 7)
(15, 8)
(12, 5)
(13, 4)
(14, 3)
(15, 2)
12 6 89
(12, 6)
(13, 6)
(14, 6)
(15, 6)
(12, 6)
(12, 7)
(12, 8)
(12, 9)
(12, 6)
(13, 7)
(14, 8)
(15, 9)
(12, 6)
(13, 5)
(14, 4)
(15, 3)
12 7 7
(12, 7)
(13, 7)
(14, 7)
(15, 7)
(12, 7)
(12, 8)
(12, 9)
(12, 10)
(12, 7)
(13, 8)
(14, 9)
(15, 10)
(12, 7)
(13, 6)
(14, 5)
(15, 4)
12 8 5
(12, 8)
(13, 8)
(14, 8)
(15, 8)
(12, 8)
(12, 9)
(12, 10)
(12, 11)
(12, 8)
(13, 9)
(14, 10)
(15, 11)
(12, 8)
(13, 7)
(14, 6)
(15, 5)
12 9 44
(12, 9)
(13, 9)
(14, 9)
(15, 9)
(12, 9)
(12, 10)
(12, 11)
(12, 12)
(12, 9)
(13, 10)
(14, 11)
(15, 12)
(12, 9)
(13, 8)
(14, 7)
(15, 6)
12 10 44
(12, 10)
(13, 10)
(14, 10)
(15, 10)
(12, 10)
(12, 11)
(12, 12)
(12, 13)
(12, 10)
(13, 11)
(14, 12)
(15, 13)
(12, 10)
(13, 9)
(14, 8)
(15, 7)
12 11 37
(12, 11)
(13, 11)
(14, 11)
(15, 11)
(12, 11)
(12, 12)
(12, 13)
(12, 14)
(12, 11)
(13, 12)
(14, 13)
(15, 14)
(12, 11)
(13, 10)
(14, 9)
(15, 8)
12 12 44
(12, 12)
(13, 12)
(14, 12)
(15, 12)
(12, 12)
(12, 13)
(12, 14)
(12, 15)
(12, 12)
(13, 13)
(14, 14)
(15, 15)
(12, 12)
(13, 11)
(14, 10)
(15, 9)
12 13 60
(12, 13)
(13, 13)
(14, 13)
(15, 13)
(12, 13)
(12, 14)
(12, 15)
(12, 16)
(12, 13)
(13, 14)
(14, 15)
(15, 16)
(12, 13)
(13, 12)
(14, 11)
(15, 10)
12 14 21
(12, 14)
(13, 14)
(14, 14)
(15, 14)
(12, 14)
(12, 15)
(12, 16)
(12, 17)
(12, 14)
(13, 15)
(14, 16)
(15, 17)
(12, 14)
(13, 13)
(14, 12)
(15, 11)
12 15 58
(12, 15)
(13, 15)
(14, 15)
(15, 15)
(12, 15)
(12, 16)
(12, 17)
(12, 18)
(12, 15)
(13, 16)
(14, 17)
(15, 18)
(12, 15)
(13, 14)
(14, 13)
(15, 12)
12 16 51
(12, 16)
(13, 16)
(14, 16)
(15, 16)
(12, 16)
(12, 17)
(12, 18)
(12, 19)
(12, 16)
(13, 17)
(14, 18)
(15, 19)
(12, 16)
(13, 15)
(14, 14)
(15, 13)
12 17 54
(12, 17)
(13, 17)
(14, 17)
(15, 17)
(12, 17)
(12, 18)
(12, 19)
None
(12, 17)
(13, 18)
(14, 19)
None
(12, 17)
(13, 16)
(14, 15)
(15, 14)
12 18 17
(12, 18)
(13, 18)
(14, 18)
(15, 18)
(12, 18)
(12, 19)
None
(12, 18)
(13, 19)
None
(12, 18)
(13, 17)
(14, 16)
(15, 15)
12 19 58
(12, 19)
(13, 19)
(14, 19)
(15, 19)
(12, 19)
None
(12, 19)
None
(12, 19)
(13, 18)
(14, 17)
(15, 16)
13 0 19
(13, 0)
(14, 0)
(15, 0)
(16, 0)
(13, 0)
(13, 1)
(13, 2)
(13, 3)
(13, 0)
(14, 1)
(15, 2)
(16, 3)
(13, 0)
None
13 1 80
(13, 1)
(14, 1)
(15, 1)
(16, 1)
(13, 1)
(13, 2)
(13, 3)
(13, 4)
(13, 1)
(14, 2)
(15, 3)
(16, 4)
(13, 1)
(14, 0)
None
13 2 81
(13, 2)
(14, 2)
(15, 2)
(16, 2)
(13, 2)
(13, 3)
(13, 4)
(13, 5)
(13, 2)
(14, 3)
(15, 4)
(16, 5)
(13, 2)
(14, 1)
(15, 0)
None
13 3 68
(13, 3)
(14, 3)
(15, 3)
(16, 3)
(13, 3)
(13, 4)
(13, 5)
(13, 6)
(13, 3)
(14, 4)
(15, 5)
(16, 6)
(13, 3)
(14, 2)
(15, 1)
(16, 0)
13 4 5
(13, 4)
(14, 4)
(15, 4)
(16, 4)
(13, 4)
(13, 5)
(13, 6)
(13, 7)
(13, 4)
(14, 5)
(15, 6)
(16, 7)
(13, 4)
(14, 3)
(15, 2)
(16, 1)
13 5 94
(13, 5)
(14, 5)
(15, 5)
(16, 5)
(13, 5)
(13, 6)
(13, 7)
(13, 8)
(13, 5)
(14, 6)
(15, 7)
(16, 8)
(13, 5)
(14, 4)
(15, 3)
(16, 2)
13 6 47
(13, 6)
(14, 6)
(15, 6)
(16, 6)
(13, 6)
(13, 7)
(13, 8)
(13, 9)
(13, 6)
(14, 7)
(15, 8)
(16, 9)
(13, 6)
(14, 5)
(15, 4)
(16, 3)
13 7 69
(13, 7)
(14, 7)
(15, 7)
(16, 7)
(13, 7)
(13, 8)
(13, 9)
(13, 10)
(13, 7)
(14, 8)
(15, 9)
(16, 10)
(13, 7)
(14, 6)
(15, 5)
(16, 4)
13 8 28
(13, 8)
(14, 8)
(15, 8)
(16, 8)
(13, 8)
(13, 9)
(13, 10)
(13, 11)
(13, 8)
(14, 9)
(15, 10)
(16, 11)
(13, 8)
(14, 7)
(15, 6)
(16, 5)
13 9 73
(13, 9)
(14, 9)
(15, 9)
(16, 9)
(13, 9)
(13, 10)
(13, 11)
(13, 12)
(13, 9)
(14, 10)
(15, 11)
(16, 12)
(13, 9)
(14, 8)
(15, 7)
(16, 6)
13 10 92
(13, 10)
(14, 10)
(15, 10)
(16, 10)
(13, 10)
(13, 11)
(13, 12)
(13, 13)
(13, 10)
(14, 11)
(15, 12)
(16, 13)
(13, 10)
(14, 9)
(15, 8)
(16, 7)
13 11 13
(13, 11)
(14, 11)
(15, 11)
(16, 11)
(13, 11)
(13, 12)
(13, 13)
(13, 14)
(13, 11)
(14, 12)
(15, 13)
(16, 14)
(13, 11)
(14, 10)
(15, 9)
(16, 8)
13 12 86
(13, 12)
(14, 12)
(15, 12)
(16, 12)
(13, 12)
(13, 13)
(13, 14)
(13, 15)
(13, 12)
(14, 13)
(15, 14)
(16, 15)
(13, 12)
(14, 11)
(15, 10)
(16, 9)
13 13 52
(13, 13)
(14, 13)
(15, 13)
(16, 13)
(13, 13)
(13, 14)
(13, 15)
(13, 16)
(13, 13)
(14, 14)
(15, 15)
(16, 16)
(13, 13)
(14, 12)
(15, 11)
(16, 10)
13 14 17
(13, 14)
(14, 14)
(15, 14)
(16, 14)
(13, 14)
(13, 15)
(13, 16)
(13, 17)
(13, 14)
(14, 15)
(15, 16)
(16, 17)
(13, 14)
(14, 13)
(15, 12)
(16, 11)
13 15 77
(13, 15)
(14, 15)
(15, 15)
(16, 15)
(13, 15)
(13, 16)
(13, 17)
(13, 18)
(13, 15)
(14, 16)
(15, 17)
(16, 18)
(13, 15)
(14, 14)
(15, 13)
(16, 12)
13 16 4
(13, 16)
(14, 16)
(15, 16)
(16, 16)
(13, 16)
(13, 17)
(13, 18)
(13, 19)
(13, 16)
(14, 17)
(15, 18)
(16, 19)
(13, 16)
(14, 15)
(15, 14)
(16, 13)
13 17 89
(13, 17)
(14, 17)
(15, 17)
(16, 17)
(13, 17)
(13, 18)
(13, 19)
None
(13, 17)
(14, 18)
(15, 19)
None
(13, 17)
(14, 16)
(15, 15)
(16, 14)
13 18 55
(13, 18)
(14, 18)
(15, 18)
(16, 18)
(13, 18)
(13, 19)
None
(13, 18)
(14, 19)
None
(13, 18)
(14, 17)
(15, 16)
(16, 15)
13 19 40
(13, 19)
(14, 19)
(15, 19)
(16, 19)
(13, 19)
None
(13, 19)
None
(13, 19)
(14, 18)
(15, 17)
(16, 16)
14 0 4
(14, 0)
(15, 0)
(16, 0)
(17, 0)
(14, 0)
(14, 1)
(14, 2)
(14, 3)
(14, 0)
(15, 1)
(16, 2)
(17, 3)
(14, 0)
None
14 1 52
(14, 1)
(15, 1)
(16, 1)
(17, 1)
(14, 1)
(14, 2)
(14, 3)
(14, 4)
(14, 1)
(15, 2)
(16, 3)
(17, 4)
(14, 1)
(15, 0)
None
14 2 8
(14, 2)
(15, 2)
(16, 2)
(17, 2)
(14, 2)
(14, 3)
(14, 4)
(14, 5)
(14, 2)
(15, 3)
(16, 4)
(17, 5)
(14, 2)
(15, 1)
(16, 0)
None
14 3 83
(14, 3)
(15, 3)
(16, 3)
(17, 3)
(14, 3)
(14, 4)
(14, 5)
(14, 6)
(14, 3)
(15, 4)
(16, 5)
(17, 6)
(14, 3)
(15, 2)
(16, 1)
(17, 0)
14 4 97
(14, 4)
(15, 4)
(16, 4)
(17, 4)
(14, 4)
(14, 5)
(14, 6)
(14, 7)
(14, 4)
(15, 5)
(16, 6)
(17, 7)
(14, 4)
(15, 3)
(16, 2)
(17, 1)
14 5 35
(14, 5)
(15, 5)
(16, 5)
(17, 5)
(14, 5)
(14, 6)
(14, 7)
(14, 8)
(14, 5)
(15, 6)
(16, 7)
(17, 8)
(14, 5)
(15, 4)
(16, 3)
(17, 2)
14 6 99
(14, 6)
(15, 6)
(16, 6)
(17, 6)
(14, 6)
(14, 7)
(14, 8)
(14, 9)
(14, 6)
(15, 7)
(16, 8)
(17, 9)
(14, 6)
(15, 5)
(16, 4)
(17, 3)
14 7 16
(14, 7)
(15, 7)
(16, 7)
(17, 7)
(14, 7)
(14, 8)
(14, 9)
(14, 10)
(14, 7)
(15, 8)
(16, 9)
(17, 10)
(14, 7)
(15, 6)
(16, 5)
(17, 4)
14 8 7
(14, 8)
(15, 8)
(16, 8)
(17, 8)
(14, 8)
(14, 9)
(14, 10)
(14, 11)
(14, 8)
(15, 9)
(16, 10)
(17, 11)
(14, 8)
(15, 7)
(16, 6)
(17, 5)
14 9 97
(14, 9)
(15, 9)
(16, 9)
(17, 9)
(14, 9)
(14, 10)
(14, 11)
(14, 12)
(14, 9)
(15, 10)
(16, 11)
(17, 12)
(14, 9)
(15, 8)
(16, 7)
(17, 6)
14 10 57
(14, 10)
(15, 10)
(16, 10)
(17, 10)
(14, 10)
(14, 11)
(14, 12)
(14, 13)
(14, 10)
(15, 11)
(16, 12)
(17, 13)
(14, 10)
(15, 9)
(16, 8)
(17, 7)
14 11 32
(14, 11)
(15, 11)
(16, 11)
(17, 11)
(14, 11)
(14, 12)
(14, 13)
(14, 14)
(14, 11)
(15, 12)
(16, 13)
(17, 14)
(14, 11)
(15, 10)
(16, 9)
(17, 8)
14 12 16
(14, 12)
(15, 12)
(16, 12)
(17, 12)
(14, 12)
(14, 13)
(14, 14)
(14, 15)
(14, 12)
(15, 13)
(16, 14)
(17, 15)
(14, 12)
(15, 11)
(16, 10)
(17, 9)
14 13 26
(14, 13)
(15, 13)
(16, 13)
(17, 13)
(14, 13)
(14, 14)
(14, 15)
(14, 16)
(14, 13)
(15, 14)
(16, 15)
(17, 16)
(14, 13)
(15, 12)
(16, 11)
(17, 10)
14 14 26
(14, 14)
(15, 14)
(16, 14)
(17, 14)
(14, 14)
(14, 15)
(14, 16)
(14, 17)
(14, 14)
(15, 15)
(16, 16)
(17, 17)
(14, 14)
(15, 13)
(16, 12)
(17, 11)
14 15 79
(14, 15)
(15, 15)
(16, 15)
(17, 15)
(14, 15)
(14, 16)
(14, 17)
(14, 18)
(14, 15)
(15, 16)
(16, 17)
(17, 18)
(14, 15)
(15, 14)
(16, 13)
(17, 12)
14 16 33
(14, 16)
(15, 16)
(16, 16)
(17, 16)
(14, 16)
(14, 17)
(14, 18)
(14, 19)
(14, 16)
(15, 17)
(16, 18)
(17, 19)
(14, 16)
(15, 15)
(16, 14)
(17, 13)
14 17 27
(14, 17)
(15, 17)
(16, 17)
(17, 17)
(14, 17)
(14, 18)
(14, 19)
None
(14, 17)
(15, 18)
(16, 19)
None
(14, 17)
(15, 16)
(16, 15)
(17, 14)
14 18 98
(14, 18)
(15, 18)
(16, 18)
(17, 18)
(14, 18)
(14, 19)
None
(14, 18)
(15, 19)
None
(14, 18)
(15, 17)
(16, 16)
(17, 15)
14 19 66
(14, 19)
(15, 19)
(16, 19)
(17, 19)
(14, 19)
None
(14, 19)
None
(14, 19)
(15, 18)
(16, 17)
(17, 16)
15 0 88
(15, 0)
(16, 0)
(17, 0)
(18, 0)
(15, 0)
(15, 1)
(15, 2)
(15, 3)
(15, 0)
(16, 1)
(17, 2)
(18, 3)
(15, 0)
None
15 1 36
(15, 1)
(16, 1)
(17, 1)
(18, 1)
(15, 1)
(15, 2)
(15, 3)
(15, 4)
(15, 1)
(16, 2)
(17, 3)
(18, 4)
(15, 1)
(16, 0)
None
15 2 68
(15, 2)
(16, 2)
(17, 2)
(18, 2)
(15, 2)
(15, 3)
(15, 4)
(15, 5)
(15, 2)
(16, 3)
(17, 4)
(18, 5)
(15, 2)
(16, 1)
(17, 0)
None
15 3 87
(15, 3)
(16, 3)
(17, 3)
(18, 3)
(15, 3)
(15, 4)
(15, 5)
(15, 6)
(15, 3)
(16, 4)
(17, 5)
(18, 6)
(15, 3)
(16, 2)
(17, 1)
(18, 0)
15 4 57
(15, 4)
(16, 4)
(17, 4)
(18, 4)
(15, 4)
(15, 5)
(15, 6)
(15, 7)
(15, 4)
(16, 5)
(17, 6)
(18, 7)
(15, 4)
(16, 3)
(17, 2)
(18, 1)
15 5 62
(15, 5)
(16, 5)
(17, 5)
(18, 5)
(15, 5)
(15, 6)
(15, 7)
(15, 8)
(15, 5)
(16, 6)
(17, 7)
(18, 8)
(15, 5)
(16, 4)
(17, 3)
(18, 2)
15 6 20
(15, 6)
(16, 6)
(17, 6)
(18, 6)
(15, 6)
(15, 7)
(15, 8)
(15, 9)
(15, 6)
(16, 7)
(17, 8)
(18, 9)
(15, 6)
(16, 5)
(17, 4)
(18, 3)
15 7 72
(15, 7)
(16, 7)
(17, 7)
(18, 7)
(15, 7)
(15, 8)
(15, 9)
(15, 10)
(15, 7)
(16, 8)
(17, 9)
(18, 10)
(15, 7)
(16, 6)
(17, 5)
(18, 4)
15 8 3
(15, 8)
(16, 8)
(17, 8)
(18, 8)
(15, 8)
(15, 9)
(15, 10)
(15, 11)
(15, 8)
(16, 9)
(17, 10)
(18, 11)
(15, 8)
(16, 7)
(17, 6)
(18, 5)
15 9 46
(15, 9)
(16, 9)
(17, 9)
(18, 9)
(15, 9)
(15, 10)
(15, 11)
(15, 12)
(15, 9)
(16, 10)
(17, 11)
(18, 12)
(15, 9)
(16, 8)
(17, 7)
(18, 6)
15 10 33
(15, 10)
(16, 10)
(17, 10)
(18, 10)
(15, 10)
(15, 11)
(15, 12)
(15, 13)
(15, 10)
(16, 11)
(17, 12)
(18, 13)
(15, 10)
(16, 9)
(17, 8)
(18, 7)
15 11 67
(15, 11)
(16, 11)
(17, 11)
(18, 11)
(15, 11)
(15, 12)
(15, 13)
(15, 14)
(15, 11)
(16, 12)
(17, 13)
(18, 14)
(15, 11)
(16, 10)
(17, 9)
(18, 8)
15 12 46
(15, 12)
(16, 12)
(17, 12)
(18, 12)
(15, 12)
(15, 13)
(15, 14)
(15, 15)
(15, 12)
(16, 13)
(17, 14)
(18, 15)
(15, 12)
(16, 11)
(17, 10)
(18, 9)
15 13 55
(15, 13)
(16, 13)
(17, 13)
(18, 13)
(15, 13)
(15, 14)
(15, 15)
(15, 16)
(15, 13)
(16, 14)
(17, 15)
(18, 16)
(15, 13)
(16, 12)
(17, 11)
(18, 10)
15 14 12
(15, 14)
(16, 14)
(17, 14)
(18, 14)
(15, 14)
(15, 15)
(15, 16)
(15, 17)
(15, 14)
(16, 15)
(17, 16)
(18, 17)
(15, 14)
(16, 13)
(17, 12)
(18, 11)
15 15 32
(15, 15)
(16, 15)
(17, 15)
(18, 15)
(15, 15)
(15, 16)
(15, 17)
(15, 18)
(15, 15)
(16, 16)
(17, 17)
(18, 18)
(15, 15)
(16, 14)
(17, 13)
(18, 12)
15 16 63
(15, 16)
(16, 16)
(17, 16)
(18, 16)
(15, 16)
(15, 17)
(15, 18)
(15, 19)
(15, 16)
(16, 17)
(17, 18)
(18, 19)
(15, 16)
(16, 15)
(17, 14)
(18, 13)
15 17 93
(15, 17)
(16, 17)
(17, 17)
(18, 17)
(15, 17)
(15, 18)
(15, 19)
None
(15, 17)
(16, 18)
(17, 19)
None
(15, 17)
(16, 16)
(17, 15)
(18, 14)
15 18 53
(15, 18)
(16, 18)
(17, 18)
(18, 18)
(15, 18)
(15, 19)
None
(15, 18)
(16, 19)
None
(15, 18)
(16, 17)
(17, 16)
(18, 15)
15 19 69
(15, 19)
(16, 19)
(17, 19)
(18, 19)
(15, 19)
None
(15, 19)
None
(15, 19)
(16, 18)
(17, 17)
(18, 16)
16 0 4
(16, 0)
(17, 0)
(18, 0)
(19, 0)
(16, 0)
(16, 1)
(16, 2)
(16, 3)
(16, 0)
(17, 1)
(18, 2)
(19, 3)
(16, 0)
None
16 1 42
(16, 1)
(17, 1)
(18, 1)
(19, 1)
(16, 1)
(16, 2)
(16, 3)
(16, 4)
(16, 1)
(17, 2)
(18, 3)
(19, 4)
(16, 1)
(17, 0)
None
16 2 16
(16, 2)
(17, 2)
(18, 2)
(19, 2)
(16, 2)
(16, 3)
(16, 4)
(16, 5)
(16, 2)
(17, 3)
(18, 4)
(19, 5)
(16, 2)
(17, 1)
(18, 0)
None
16 3 73
(16, 3)
(17, 3)
(18, 3)
(19, 3)
(16, 3)
(16, 4)
(16, 5)
(16, 6)
(16, 3)
(17, 4)
(18, 5)
(19, 6)
(16, 3)
(17, 2)
(18, 1)
(19, 0)
16 4 38
(16, 4)
(17, 4)
(18, 4)
(19, 4)
(16, 4)
(16, 5)
(16, 6)
(16, 7)
(16, 4)
(17, 5)
(18, 6)
(19, 7)
(16, 4)
(17, 3)
(18, 2)
(19, 1)
16 5 25
(16, 5)
(17, 5)
(18, 5)
(19, 5)
(16, 5)
(16, 6)
(16, 7)
(16, 8)
(16, 5)
(17, 6)
(18, 7)
(19, 8)
(16, 5)
(17, 4)
(18, 3)
(19, 2)
16 6 39
(16, 6)
(17, 6)
(18, 6)
(19, 6)
(16, 6)
(16, 7)
(16, 8)
(16, 9)
(16, 6)
(17, 7)
(18, 8)
(19, 9)
(16, 6)
(17, 5)
(18, 4)
(19, 3)
16 7 11
(16, 7)
(17, 7)
(18, 7)
(19, 7)
(16, 7)
(16, 8)
(16, 9)
(16, 10)
(16, 7)
(17, 8)
(18, 9)
(19, 10)
(16, 7)
(17, 6)
(18, 5)
(19, 4)
16 8 24
(16, 8)
(17, 8)
(18, 8)
(19, 8)
(16, 8)
(16, 9)
(16, 10)
(16, 11)
(16, 8)
(17, 9)
(18, 10)
(19, 11)
(16, 8)
(17, 7)
(18, 6)
(19, 5)
16 9 94
(16, 9)
(17, 9)
(18, 9)
(19, 9)
(16, 9)
(16, 10)
(16, 11)
(16, 12)
(16, 9)
(17, 10)
(18, 11)
(19, 12)
(16, 9)
(17, 8)
(18, 7)
(19, 6)
16 10 72
(16, 10)
(17, 10)
(18, 10)
(19, 10)
(16, 10)
(16, 11)
(16, 12)
(16, 13)
(16, 10)
(17, 11)
(18, 12)
(19, 13)
(16, 10)
(17, 9)
(18, 8)
(19, 7)
16 11 18
(16, 11)
(17, 11)
(18, 11)
(19, 11)
(16, 11)
(16, 12)
(16, 13)
(16, 14)
(16, 11)
(17, 12)
(18, 13)
(19, 14)
(16, 11)
(17, 10)
(18, 9)
(19, 8)
16 12 8
(16, 12)
(17, 12)
(18, 12)
(19, 12)
(16, 12)
(16, 13)
(16, 14)
(16, 15)
(16, 12)
(17, 13)
(18, 14)
(19, 15)
(16, 12)
(17, 11)
(18, 10)
(19, 9)
16 13 46
(16, 13)
(17, 13)
(18, 13)
(19, 13)
(16, 13)
(16, 14)
(16, 15)
(16, 16)
(16, 13)
(17, 14)
(18, 15)
(19, 16)
(16, 13)
(17, 12)
(18, 11)
(19, 10)
16 14 29
(16, 14)
(17, 14)
(18, 14)
(19, 14)
(16, 14)
(16, 15)
(16, 16)
(16, 17)
(16, 14)
(17, 15)
(18, 16)
(19, 17)
(16, 14)
(17, 13)
(18, 12)
(19, 11)
16 15 32
(16, 15)
(17, 15)
(18, 15)
(19, 15)
(16, 15)
(16, 16)
(16, 17)
(16, 18)
(16, 15)
(17, 16)
(18, 17)
(19, 18)
(16, 15)
(17, 14)
(18, 13)
(19, 12)
16 16 40
(16, 16)
(17, 16)
(18, 16)
(19, 16)
(16, 16)
(16, 17)
(16, 18)
(16, 19)
(16, 16)
(17, 17)
(18, 18)
(19, 19)
(16, 16)
(17, 15)
(18, 14)
(19, 13)
16 17 62
(16, 17)
(17, 17)
(18, 17)
(19, 17)
(16, 17)
(16, 18)
(16, 19)
None
(16, 17)
(17, 18)
(18, 19)
None
(16, 17)
(17, 16)
(18, 15)
(19, 14)
16 18 76
(16, 18)
(17, 18)
(18, 18)
(19, 18)
(16, 18)
(16, 19)
None
(16, 18)
(17, 19)
None
(16, 18)
(17, 17)
(18, 16)
(19, 15)
16 19 36
(16, 19)
(17, 19)
(18, 19)
(19, 19)
(16, 19)
None
(16, 19)
None
(16, 19)
(17, 18)
(18, 17)
(19, 16)
17 0 20
(17, 0)
(18, 0)
(19, 0)
None
(17, 0)
(17, 1)
(17, 2)
(17, 3)
(17, 0)
(18, 1)
(19, 2)
None
(17, 0)
None
17 1 69
(17, 1)
(18, 1)
(19, 1)
None
(17, 1)
(17, 2)
(17, 3)
(17, 4)
(17, 1)
(18, 2)
(19, 3)
None
(17, 1)
(18, 0)
None
17 2 36
(17, 2)
(18, 2)
(19, 2)
None
(17, 2)
(17, 3)
(17, 4)
(17, 5)
(17, 2)
(18, 3)
(19, 4)
None
(17, 2)
(18, 1)
(19, 0)
None
17 3 41
(17, 3)
(18, 3)
(19, 3)
None
(17, 3)
(17, 4)
(17, 5)
(17, 6)
(17, 3)
(18, 4)
(19, 5)
None
(17, 3)
(18, 2)
(19, 1)
None
17 4 72
(17, 4)
(18, 4)
(19, 4)
None
(17, 4)
(17, 5)
(17, 6)
(17, 7)
(17, 4)
(18, 5)
(19, 6)
None
(17, 4)
(18, 3)
(19, 2)
None
17 5 30
(17, 5)
(18, 5)
(19, 5)
None
(17, 5)
(17, 6)
(17, 7)
(17, 8)
(17, 5)
(18, 6)
(19, 7)
None
(17, 5)
(18, 4)
(19, 3)
None
17 6 23
(17, 6)
(18, 6)
(19, 6)
None
(17, 6)
(17, 7)
(17, 8)
(17, 9)
(17, 6)
(18, 7)
(19, 8)
None
(17, 6)
(18, 5)
(19, 4)
None
17 7 88
(17, 7)
(18, 7)
(19, 7)
None
(17, 7)
(17, 8)
(17, 9)
(17, 10)
(17, 7)
(18, 8)
(19, 9)
None
(17, 7)
(18, 6)
(19, 5)
None
17 8 34
(17, 8)
(18, 8)
(19, 8)
None
(17, 8)
(17, 9)
(17, 10)
(17, 11)
(17, 8)
(18, 9)
(19, 10)
None
(17, 8)
(18, 7)
(19, 6)
None
17 9 62
(17, 9)
(18, 9)
(19, 9)
None
(17, 9)
(17, 10)
(17, 11)
(17, 12)
(17, 9)
(18, 10)
(19, 11)
None
(17, 9)
(18, 8)
(19, 7)
None
17 10 99
(17, 10)
(18, 10)
(19, 10)
None
(17, 10)
(17, 11)
(17, 12)
(17, 13)
(17, 10)
(18, 11)
(19, 12)
None
(17, 10)
(18, 9)
(19, 8)
None
17 11 69
(17, 11)
(18, 11)
(19, 11)
None
(17, 11)
(17, 12)
(17, 13)
(17, 14)
(17, 11)
(18, 12)
(19, 13)
None
(17, 11)
(18, 10)
(19, 9)
None
17 12 82
(17, 12)
(18, 12)
(19, 12)
None
(17, 12)
(17, 13)
(17, 14)
(17, 15)
(17, 12)
(18, 13)
(19, 14)
None
(17, 12)
(18, 11)
(19, 10)
None
17 13 67
(17, 13)
(18, 13)
(19, 13)
None
(17, 13)
(17, 14)
(17, 15)
(17, 16)
(17, 13)
(18, 14)
(19, 15)
None
(17, 13)
(18, 12)
(19, 11)
None
17 14 59
(17, 14)
(18, 14)
(19, 14)
None
(17, 14)
(17, 15)
(17, 16)
(17, 17)
(17, 14)
(18, 15)
(19, 16)
None
(17, 14)
(18, 13)
(19, 12)
None
17 15 85
(17, 15)
(18, 15)
(19, 15)
None
(17, 15)
(17, 16)
(17, 17)
(17, 18)
(17, 15)
(18, 16)
(19, 17)
None
(17, 15)
(18, 14)
(19, 13)
None
17 16 74
(17, 16)
(18, 16)
(19, 16)
None
(17, 16)
(17, 17)
(17, 18)
(17, 19)
(17, 16)
(18, 17)
(19, 18)
None
(17, 16)
(18, 15)
(19, 14)
None
17 17 4
(17, 17)
(18, 17)
(19, 17)
None
(17, 17)
(17, 18)
(17, 19)
None
(17, 17)
(18, 18)
(19, 19)
None
(17, 17)
(18, 16)
(19, 15)
None
17 18 36
(17, 18)
(18, 18)
(19, 18)
None
(17, 18)
(17, 19)
None
(17, 18)
(18, 19)
None
(17, 18)
(18, 17)
(19, 16)
None
17 19 16
(17, 19)
(18, 19)
(19, 19)
None
(17, 19)
None
(17, 19)
None
(17, 19)
(18, 18)
(19, 17)
None
18 0 20
(18, 0)
(19, 0)
None
(18, 0)
(18, 1)
(18, 2)
(18, 3)
(18, 0)
(19, 1)
None
(18, 0)
None
18 1 73
(18, 1)
(19, 1)
None
(18, 1)
(18, 2)
(18, 3)
(18, 4)
(18, 1)
(19, 2)
None
(18, 1)
(19, 0)
None
18 2 35
(18, 2)
(19, 2)
None
(18, 2)
(18, 3)
(18, 4)
(18, 5)
(18, 2)
(19, 3)
None
(18, 2)
(19, 1)
None
18 3 29
(18, 3)
(19, 3)
None
(18, 3)
(18, 4)
(18, 5)
(18, 6)
(18, 3)
(19, 4)
None
(18, 3)
(19, 2)
None
18 4 78
(18, 4)
(19, 4)
None
(18, 4)
(18, 5)
(18, 6)
(18, 7)
(18, 4)
(19, 5)
None
(18, 4)
(19, 3)
None
18 5 31
(18, 5)
(19, 5)
None
(18, 5)
(18, 6)
(18, 7)
(18, 8)
(18, 5)
(19, 6)
None
(18, 5)
(19, 4)
None
18 6 90
(18, 6)
(19, 6)
None
(18, 6)
(18, 7)
(18, 8)
(18, 9)
(18, 6)
(19, 7)
None
(18, 6)
(19, 5)
None
18 7 1
(18, 7)
(19, 7)
None
(18, 7)
(18, 8)
(18, 9)
(18, 10)
(18, 7)
(19, 8)
None
(18, 7)
(19, 6)
None
18 8 74
(18, 8)
(19, 8)
None
(18, 8)
(18, 9)
(18, 10)
(18, 11)
(18, 8)
(19, 9)
None
(18, 8)
(19, 7)
None
18 9 31
(18, 9)
(19, 9)
None
(18, 9)
(18, 10)
(18, 11)
(18, 12)
(18, 9)
(19, 10)
None
(18, 9)
(19, 8)
None
18 10 49
(18, 10)
(19, 10)
None
(18, 10)
(18, 11)
(18, 12)
(18, 13)
(18, 10)
(19, 11)
None
(18, 10)
(19, 9)
None
18 11 71
(18, 11)
(19, 11)
None
(18, 11)
(18, 12)
(18, 13)
(18, 14)
(18, 11)
(19, 12)
None
(18, 11)
(19, 10)
None
18 12 48
(18, 12)
(19, 12)
None
(18, 12)
(18, 13)
(18, 14)
(18, 15)
(18, 12)
(19, 13)
None
(18, 12)
(19, 11)
None
18 13 86
(18, 13)
(19, 13)
None
(18, 13)
(18, 14)
(18, 15)
(18, 16)
(18, 13)
(19, 14)
None
(18, 13)
(19, 12)
None
18 14 81
(18, 14)
(19, 14)
None
(18, 14)
(18, 15)
(18, 16)
(18, 17)
(18, 14)
(19, 15)
None
(18, 14)
(19, 13)
None
18 15 16
(18, 15)
(19, 15)
None
(18, 15)
(18, 16)
(18, 17)
(18, 18)
(18, 15)
(19, 16)
None
(18, 15)
(19, 14)
None
18 16 23
(18, 16)
(19, 16)
None
(18, 16)
(18, 17)
(18, 18)
(18, 19)
(18, 16)
(19, 17)
None
(18, 16)
(19, 15)
None
18 17 57
(18, 17)
(19, 17)
None
(18, 17)
(18, 18)
(18, 19)
None
(18, 17)
(19, 18)
None
(18, 17)
(19, 16)
None
18 18 5
(18, 18)
(19, 18)
None
(18, 18)
(18, 19)
None
(18, 18)
(19, 19)
None
(18, 18)
(19, 17)
None
18 19 54
(18, 19)
(19, 19)
None
(18, 19)
None
(18, 19)
None
(18, 19)
(19, 18)
None
19 0 1
(19, 0)
None
(19, 0)
(19, 1)
(19, 2)
(19, 3)
(19, 0)
None
(19, 0)
None
19 1 70
(19, 1)
None
(19, 1)
(19, 2)
(19, 3)
(19, 4)
(19, 1)
None
(19, 1)
None
19 2 54
(19, 2)
None
(19, 2)
(19, 3)
(19, 4)
(19, 5)
(19, 2)
None
(19, 2)
None
19 3 71
(19, 3)
None
(19, 3)
(19, 4)
(19, 5)
(19, 6)
(19, 3)
None
(19, 3)
None
19 4 83
(19, 4)
None
(19, 4)
(19, 5)
(19, 6)
(19, 7)
(19, 4)
None
(19, 4)
None
19 5 51
(19, 5)
None
(19, 5)
(19, 6)
(19, 7)
(19, 8)
(19, 5)
None
(19, 5)
None
19 6 54
(19, 6)
None
(19, 6)
(19, 7)
(19, 8)
(19, 9)
(19, 6)
None
(19, 6)
None
19 7 69
(19, 7)
None
(19, 7)
(19, 8)
(19, 9)
(19, 10)
(19, 7)
None
(19, 7)
None
19 8 16
(19, 8)
None
(19, 8)
(19, 9)
(19, 10)
(19, 11)
(19, 8)
None
(19, 8)
None
19 9 92
(19, 9)
None
(19, 9)
(19, 10)
(19, 11)
(19, 12)
(19, 9)
None
(19, 9)
None
19 10 33
(19, 10)
None
(19, 10)
(19, 11)
(19, 12)
(19, 13)
(19, 10)
None
(19, 10)
None
19 11 48
(19, 11)
None
(19, 11)
(19, 12)
(19, 13)
(19, 14)
(19, 11)
None
(19, 11)
None
19 12 61
(19, 12)
None
(19, 12)
(19, 13)
(19, 14)
(19, 15)
(19, 12)
None
(19, 12)
None
19 13 43
(19, 13)
None
(19, 13)
(19, 14)
(19, 15)
(19, 16)
(19, 13)
None
(19, 13)
None
19 14 52
(19, 14)
None
(19, 14)
(19, 15)
(19, 16)
(19, 17)
(19, 14)
None
(19, 14)
None
19 15 1
(19, 15)
None
(19, 15)
(19, 16)
(19, 17)
(19, 18)
(19, 15)
None
(19, 15)
None
19 16 89
(19, 16)
None
(19, 16)
(19, 17)
(19, 18)
(19, 19)
(19, 16)
None
(19, 16)
None
19 17 19
(19, 17)
None
(19, 17)
(19, 18)
(19, 19)
None
(19, 17)
None
(19, 17)
None
19 18 67
(19, 18)
None
(19, 18)
(19, 19)
None
(19, 18)
None
(19, 18)
None
19 19 48
(19, 19)
None
(19, 19)
None
(19, 19)
None
(19, 19)
None
70600674
