10201
11211
12221
13231
14241
15251
16261
17271
18281
19291
20402
21412
22422
23432
24442
25452
26462
27472
28482
29492
30603
31613
32623
33633
34643
35653
36663
37673
38683
39693
40804
41814
42824
43834
44844
45854
46864
47874
48884
49894
62526
63036
83538
84048
89198
93839
99299
106601
119911
121121
131131
141141
143341
165561
168861
174471
180081
189981
204402
210012
219912
222222
227722
238832
255552
270072
272272
282282
292292
299992
302203
329923
348843
378873
408804
414414
428824
436634
443344
444444
469964
485584
487784
489984
514415
525525
531135
543345
580085
592295
601106
616616
623326
631136
650056
653356
666666
698896
723327
729927
770077
804408
807708
828828
853358
855558
906609
906609
